#SERVER_HEADER --model vit_base_8_edgetpu.tflite -n 32 --vit
#SERVER_BEGIN Y:2024 M:7 D:23 TIME:10:24:49-12215
#LOGFILE /var/radiation-benchmarks/log/2024_07_23_17_24_49_TensorFlow-vit_base_8_edgetpu_ECC_OFF_rasp4-coral.log
#HEADER framework:TensorFlow framework_version:2.10.0 Device:EdgeTPUiterations=1000000000000 testsamples=32 generate=False enableconsolelog=False model=/home/carol/tpu-rad/models/vit_base_8_edgetpu.tflite tokens=None input=/home/carol/tpu-rad/inputs/vit_base_8_images.npy golden=/home/carol/tpu-rad/golden/vit_base_8_golden.npy reload=False vit=True log_interval=10
#BEGIN Y:2024 M:07 D:23 Time:17:24:49
#INF PERF loaded_object:model load_time:4.6747s
#INF PERF loaded_object:data load_time:0.3718s
#IT 0 KerTime:0.1209396 AccTime:0.1209396
#IT 10 KerTime:0.0981833 AccTime:1.0872469
#IT 20 KerTime:0.0960852 AccTime:2.0544648
#IT 30 KerTime:0.0959724 AccTime:3.0262862
#IT 40 KerTime:0.0964000 AccTime:3.9953905
#IT 50 KerTime:0.0982961 AccTime:4.9614844
#IT 60 KerTime:0.1005369 AccTime:5.9456193
#IT 70 KerTime:0.0971984 AccTime:6.9373918
#IT 80 KerTime:0.0986644 AccTime:7.9116834
#IT 90 KerTime:0.0965324 AccTime:8.8954621
#IT 100 KerTime:0.0974246 AccTime:9.8817201
#IT 110 KerTime:0.0982969 AccTime:10.8574749
#IT 120 KerTime:0.0967285 AccTime:11.8455125
#IT 130 KerTime:0.0966415 AccTime:12.8278569
#IT 140 KerTime:0.0994041 AccTime:13.8149946
#IT 150 KerTime:0.0988236 AccTime:14.7947724
#IT 160 KerTime:0.0967698 AccTime:15.7827039
#IT 170 KerTime:0.0997242 AccTime:16.7636249
#IT 180 KerTime:0.0987594 AccTime:17.7436855
#IT 190 KerTime:0.1000295 AccTime:18.7363114
#IT 200 KerTime:0.0965165 AccTime:19.7233319
#IT 210 KerTime:0.0988020 AccTime:20.7085342
#IT 220 KerTime:0.0965320 AccTime:21.6825580
#IT 230 KerTime:0.0966577 AccTime:22.6655218
#IT 240 KerTime:0.0987596 AccTime:23.6338368
#IT 250 KerTime:0.0966318 AccTime:24.6108931
#IT 260 KerTime:0.0966949 AccTime:25.5883868
#IT 270 KerTime:0.0990534 AccTime:26.5626390
#IT 280 KerTime:0.0967961 AccTime:27.5353189
#IT 290 KerTime:0.0991397 AccTime:28.5110854
#IT 300 KerTime:0.0967400 AccTime:29.4973485
#IT 310 KerTime:0.1007016 AccTime:30.4793138
#IT 320 KerTime:0.0988688 AccTime:31.4715153
#IT 330 KerTime:0.0965607 AccTime:32.4607927
#IT 340 KerTime:0.1000265 AccTime:33.4400541
#IT 350 KerTime:0.0982773 AccTime:34.4312425
#IT 360 KerTime:0.0971822 AccTime:35.4099319
#IT 370 KerTime:0.0994276 AccTime:36.3996297
#IT 380 KerTime:0.1016536 AccTime:37.3836506
#IT 390 KerTime:0.0968116 AccTime:38.3674629
#IT 400 KerTime:0.0991976 AccTime:39.3625001
#IT 410 KerTime:0.0977679 AccTime:40.3401751
#IT 420 KerTime:0.0996286 AccTime:41.3257747
#IT 430 KerTime:0.0967948 AccTime:42.3096201
#IT 440 KerTime:0.0970632 AccTime:43.2994709
#IT 450 KerTime:0.0991458 AccTime:44.2894810
#IT 460 KerTime:0.0966193 AccTime:45.2765686
#IT 470 KerTime:0.0965948 AccTime:46.2557166
#IT 480 KerTime:0.0975385 AccTime:47.2322329
#IT 490 KerTime:0.0966072 AccTime:48.2038327
#IT 500 KerTime:0.0968704 AccTime:49.1870130
#IT 510 KerTime:0.0973294 AccTime:50.1549675
#IT 520 KerTime:0.0968240 AccTime:51.1339350
#IT 530 KerTime:0.0984899 AccTime:52.1190380
#IT 540 KerTime:0.0992464 AccTime:53.0986910
#IT 550 KerTime:0.0967233 AccTime:54.0892120
#IT 560 KerTime:0.1002357 AccTime:55.0715799
#IT 570 KerTime:0.0966549 AccTime:56.0498942
#IT 580 KerTime:0.0973345 AccTime:57.0216219
#IT 590 KerTime:0.0964411 AccTime:58.0096096
#IT 600 KerTime:0.1000527 AccTime:58.9936974
#IT 610 KerTime:0.0990417 AccTime:59.9754585
#IT 620 KerTime:0.0991482 AccTime:60.9639839
#IT 630 KerTime:0.0985640 AccTime:61.9378428
#IT 640 KerTime:0.1003557 AccTime:62.9415407
#IT 650 KerTime:0.0985306 AccTime:63.9218839
#IT 660 KerTime:0.0975032 AccTime:64.9123094
#IT 670 KerTime:0.0990649 AccTime:65.8888921
#IT 680 KerTime:0.0967955 AccTime:66.8729587
#IT 690 KerTime:0.1000671 AccTime:67.8655058
#IT 700 KerTime:0.0967319 AccTime:68.8358812
#IT 710 KerTime:0.0980868 AccTime:69.8046240
#IT 720 KerTime:0.0968059 AccTime:70.7835260
#IT 730 KerTime:0.0966542 AccTime:71.7654473
#IT 740 KerTime:0.0991288 AccTime:72.7359744
#IT 750 KerTime:0.0964992 AccTime:73.7136677
#IT 760 KerTime:0.0994427 AccTime:74.6989552
#IT 770 KerTime:0.1006975 AccTime:75.6859680
#IT 780 KerTime:0.0967089 AccTime:76.6673580
#IT 790 KerTime:0.0975884 AccTime:77.6551657
#IT 800 KerTime:0.0984404 AccTime:78.6397295
#IT 810 KerTime:0.1008637 AccTime:79.6201456
#IT 820 KerTime:0.0966433 AccTime:80.5979567
#IT 830 KerTime:0.0985240 AccTime:81.5900894
#IT 840 KerTime:0.0991712 AccTime:82.5666613
#IT 850 KerTime:0.0966772 AccTime:83.5567183
#IT 860 KerTime:0.0966662 AccTime:84.5381099
#IT 870 KerTime:0.0989980 AccTime:85.5284140
#IT 880 KerTime:0.0990355 AccTime:86.5075547
#IT 890 KerTime:0.1016199 AccTime:87.5002550
#IT 900 KerTime:0.0990048 AccTime:88.4974139
#IT 910 KerTime:0.0990708 AccTime:89.4744744
#IT 920 KerTime:0.0966777 AccTime:90.4690622
#IT 930 KerTime:0.0967001 AccTime:91.4473826
#IT 940 KerTime:0.0987452 AccTime:92.4209877
#IT 950 KerTime:0.0966149 AccTime:93.3952730
#IT 960 KerTime:0.0967719 AccTime:94.3765378
#IT 970 KerTime:0.0970758 AccTime:95.3539766
#IT 980 KerTime:0.0966149 AccTime:96.3230336
#IT 990 KerTime:0.0966310 AccTime:97.3049506
#IT 1000 KerTime:0.0990571 AccTime:98.2920877
#IT 1010 KerTime:0.0987573 AccTime:99.2685438
#IT 1020 KerTime:0.0968632 AccTime:100.2594292
#IT 1030 KerTime:0.1004464 AccTime:101.2442296
#IT 1040 KerTime:0.0992272 AccTime:102.2260094
#IT 1050 KerTime:0.0971694 AccTime:103.2135468
#IT 1060 KerTime:0.0987023 AccTime:104.1881260
#IT 1070 KerTime:0.0977187 AccTime:105.1719287
#IT 1080 KerTime:0.0992926 AccTime:106.1617865
#IT 1090 KerTime:0.1004762 AccTime:107.1582188
#IT 1100 KerTime:0.0997990 AccTime:108.1409631
#IT 1110 KerTime:0.0967004 AccTime:109.1161205
#IT 1120 KerTime:0.0988206 AccTime:110.1033828
#IT 1130 KerTime:0.0989611 AccTime:111.0838037
#IT 1140 KerTime:0.0967601 AccTime:112.0705174
#IT 1150 KerTime:0.0966340 AccTime:113.0523896
#IT 1160 KerTime:0.0967674 AccTime:114.0369791
#IT 1170 KerTime:0.0966598 AccTime:115.0046704
#IT 1180 KerTime:0.0967442 AccTime:115.9865736
#IT 1190 KerTime:0.0991762 AccTime:116.9596851
#IT 1200 KerTime:0.0967549 AccTime:117.9340262
#IT 1210 KerTime:0.0987837 AccTime:118.9233958
#IT 1220 KerTime:0.0989158 AccTime:119.9023472
#IT 1230 KerTime:0.0995354 AccTime:120.8865240
#IT 1240 KerTime:0.0966069 AccTime:121.8774501
#IT 1250 KerTime:0.0987255 AccTime:122.8619945
#IT 1260 KerTime:0.0990662 AccTime:123.8449862
#IT 1270 KerTime:0.0991665 AccTime:124.8244382
#IT 1280 KerTime:0.0967811 AccTime:125.8100468
#IT 1290 KerTime:0.1005075 AccTime:126.7963678
#IT 1300 KerTime:0.0976347 AccTime:127.7724636
#IT 1310 KerTime:0.0983277 AccTime:128.7555757
#IT 1320 KerTime:0.0967862 AccTime:129.7458603
#IT 1330 KerTime:0.0985939 AccTime:130.7360801
#IT 1340 KerTime:0.0991682 AccTime:131.7272429
#IT 1350 KerTime:0.0992287 AccTime:132.7182977
#IT 1360 KerTime:0.0995766 AccTime:133.6999352
#IT 1370 KerTime:0.0994374 AccTime:134.6888283
#IT 1380 KerTime:0.0991115 AccTime:135.6660113
#IT 1390 KerTime:0.0966892 AccTime:136.6537613
#IT 1400 KerTime:0.1015344 AccTime:137.6281168
#IT 1410 KerTime:0.0968522 AccTime:138.6015985
#IT 1420 KerTime:0.0968021 AccTime:139.5833457
#IT 1430 KerTime:0.0986949 AccTime:140.5567940
#IT 1440 KerTime:0.0989181 AccTime:141.5365616
#IT 1450 KerTime:0.0967465 AccTime:142.5120815
#IT 1460 KerTime:0.1000572 AccTime:143.4879171
#IT 1470 KerTime:0.0986131 AccTime:144.4886160
#IT 1480 KerTime:0.0976236 AccTime:145.4607933
#IT 1490 KerTime:0.0974275 AccTime:146.4526875
#IT 1500 KerTime:0.1002730 AccTime:147.4327659
#IT 1510 KerTime:0.0965962 AccTime:148.4083370
#IT 1520 KerTime:0.0993696 AccTime:149.3991109
#IT 1530 KerTime:0.0986217 AccTime:150.3755344
#IT 1540 KerTime:0.0968671 AccTime:151.3589029
#IT 1550 KerTime:0.0977223 AccTime:152.3437430
#IT 1560 KerTime:0.0988538 AccTime:153.3195042
#IT 1570 KerTime:0.0966685 AccTime:154.3096136
#IT 1580 KerTime:0.1008343 AccTime:155.2939945
#IT 1590 KerTime:0.0967448 AccTime:156.2675755
#IT 1600 KerTime:0.0987358 AccTime:157.2370986
#IT 1610 KerTime:0.0965506 AccTime:158.2259028
#IT 1620 KerTime:0.0998564 AccTime:159.2118893
#IT 1630 KerTime:0.0965606 AccTime:160.1845602
#IT 1640 KerTime:0.0964255 AccTime:161.1635804
#IT 1650 KerTime:0.0991558 AccTime:162.1335008
#IT 1660 KerTime:0.0974206 AccTime:163.1293644
#IT 1670 KerTime:0.0967160 AccTime:164.0975888
#IT 1680 KerTime:0.0988602 AccTime:165.0763693
#IT 1690 KerTime:0.0986405 AccTime:166.0507133
#IT 1700 KerTime:0.0990068 AccTime:167.0406060
#IT 1710 KerTime:0.0968168 AccTime:168.0247178
#IT 1720 KerTime:0.0988834 AccTime:169.0078985
#IT 1730 KerTime:0.0986018 AccTime:169.9984442
#IT 1740 KerTime:0.0987785 AccTime:170.9828498
#IT 1750 KerTime:0.0975359 AccTime:171.9568769
#IT 1760 KerTime:0.0969442 AccTime:172.9416190
#IT 1770 KerTime:0.0987053 AccTime:173.9259500
#IT 1780 KerTime:0.0987289 AccTime:174.9178616
#IT 1790 KerTime:0.0992854 AccTime:175.9032943
#IT 1800 KerTime:0.0974044 AccTime:176.8895438
#IT 1810 KerTime:0.0989413 AccTime:177.8708162
#IT 1820 KerTime:0.0987732 AccTime:178.8491682
#IT 1830 KerTime:0.0991141 AccTime:179.8316056
#IT 1840 KerTime:0.0994140 AccTime:180.8163586
#IT 1850 KerTime:0.0993450 AccTime:181.8157240
#IT 1860 KerTime:0.0965709 AccTime:182.8027859
#IT 1870 KerTime:0.0982481 AccTime:183.7720341
#IT 1880 KerTime:0.0977285 AccTime:184.7538933
#IT 1890 KerTime:0.0983481 AccTime:185.7250122
#IT 1900 KerTime:0.0965130 AccTime:186.7012381
#IT 1910 KerTime:0.1018496 AccTime:187.6833151
#IT 1920 KerTime:0.0991418 AccTime:188.6726384
#IT 1930 KerTime:0.1003622 AccTime:189.6551889
#IT 1940 KerTime:0.0986211 AccTime:190.6346110
#IT 1950 KerTime:0.0974711 AccTime:191.6218810
#IT 1960 KerTime:0.0977092 AccTime:192.6006450
#IT 1970 KerTime:0.0966608 AccTime:193.5878716
#IT 1980 KerTime:0.0970573 AccTime:194.5702403
#IT 1990 KerTime:0.0982949 AccTime:195.5579601
#IT 2000 KerTime:0.0994135 AccTime:196.5380469
#IT 2010 KerTime:0.0966610 AccTime:197.5252344
#IT 2020 KerTime:0.1000320 AccTime:198.5090674
#IT 2030 KerTime:0.0969059 AccTime:199.4851599
#IT 2040 KerTime:0.0967629 AccTime:200.4747539
#IT 2050 KerTime:0.0999765 AccTime:201.4590947
#IT 2060 KerTime:0.0968049 AccTime:202.4350630
#IT 2070 KerTime:0.0991608 AccTime:203.4243463
#IT 2080 KerTime:0.0976505 AccTime:204.3991774
#IT 2090 KerTime:0.0967702 AccTime:205.3811936
#IT 2100 KerTime:0.0991309 AccTime:206.3563872
#IT 2110 KerTime:0.0981871 AccTime:207.3428777
#IT 2120 KerTime:0.0991464 AccTime:208.3174596
#IT 2130 KerTime:0.0964326 AccTime:209.2895348
#IT 2140 KerTime:0.0965016 AccTime:210.2711970
#IT 2150 KerTime:0.0991514 AccTime:211.2411195
#IT 2160 KerTime:0.0987618 AccTime:212.2291839
#IT 2170 KerTime:0.0986887 AccTime:213.2230758
#IT 2180 KerTime:0.0972994 AccTime:214.2117713
#IT 2190 KerTime:0.0966806 AccTime:215.1919616
#IT 2200 KerTime:0.0990504 AccTime:216.1821312
#IT 2210 KerTime:0.0986105 AccTime:217.1603005
#IT 2220 KerTime:0.0999371 AccTime:218.1464009
#IT 2230 KerTime:0.0977095 AccTime:219.1301106
#IT 2240 KerTime:0.0966371 AccTime:220.1075082
#IT 2250 KerTime:0.0973717 AccTime:221.0906048
#IT 2260 KerTime:0.0966305 AccTime:222.0891359
#IT 2270 KerTime:0.0994847 AccTime:223.0710833
#IT 2280 KerTime:0.0987918 AccTime:224.0604668
#IT 2290 KerTime:0.0996922 AccTime:225.0393349
#IT 2300 KerTime:0.1002207 AccTime:226.0261053
#IT 2310 KerTime:0.0967801 AccTime:227.0058762
#IT 2320 KerTime:0.0973847 AccTime:227.9929747
#IT 2330 KerTime:0.0967101 AccTime:228.9652215
#IT 2340 KerTime:0.0988852 AccTime:229.9432002
#IT 2350 KerTime:0.0966300 AccTime:230.9114220
#IT 2360 KerTime:0.0989936 AccTime:231.9035131
#IT 2370 KerTime:0.0966105 AccTime:232.8724964
#IT 2380 KerTime:0.0965474 AccTime:233.8515966
#IT 2390 KerTime:0.0982630 AccTime:234.8270220
#IT 2400 KerTime:0.0965960 AccTime:235.8117611
#IT 2410 KerTime:0.1003214 AccTime:236.7952620
#IT 2420 KerTime:0.1015478 AccTime:237.7763894
#IT 2430 KerTime:0.0990617 AccTime:238.7566526
#IT 2440 KerTime:0.0968333 AccTime:239.7461201
#IT 2450 KerTime:0.0973774 AccTime:240.7323821
#IT 2460 KerTime:0.0987438 AccTime:241.7086451
#IT 2470 KerTime:0.0969161 AccTime:242.6971568
#IT 2480 KerTime:0.0995889 AccTime:243.6796381
#IT 2490 KerTime:0.1003355 AccTime:244.6787511
#IT 2500 KerTime:0.0977832 AccTime:245.6567714
#IT 2510 KerTime:0.0967957 AccTime:246.6445857
#IT 2520 KerTime:0.1001373 AccTime:247.6221528
#IT 2530 KerTime:0.0966167 AccTime:248.6050999
#IT 2540 KerTime:0.0990839 AccTime:249.5991287
#IT 2550 KerTime:0.0992069 AccTime:250.5724969
#IT 2560 KerTime:0.0967758 AccTime:251.5534460
#IT 2570 KerTime:0.0967773 AccTime:252.5318290
#IT 2580 KerTime:0.0990057 AccTime:253.5028333
#IT 2590 KerTime:0.0966650 AccTime:254.4791107
#IT 2600 KerTime:0.0983074 AccTime:255.4473199
#IT 2610 KerTime:0.0966392 AccTime:256.4231357
#IT 2620 KerTime:0.0988436 AccTime:257.4014545
#IT 2630 KerTime:0.0982032 AccTime:258.3962221
#IT 2640 KerTime:0.0989708 AccTime:259.3815739
#IT 2650 KerTime:0.0987907 AccTime:260.3675874
#IT 2660 KerTime:0.0964909 AccTime:261.3472965
#IT 2670 KerTime:0.0967606 AccTime:262.3276910
#IT 2680 KerTime:0.0993055 AccTime:263.3256309
#IT 2690 KerTime:0.0968041 AccTime:264.3049735
#IT 2700 KerTime:0.0973673 AccTime:265.2838381
#IT 2710 KerTime:0.0967343 AccTime:266.2673533
#IT 2720 KerTime:0.0993260 AccTime:267.2540148
#IT 2730 KerTime:0.0979943 AccTime:268.2415604
#IT 2740 KerTime:0.0987860 AccTime:269.2304994
#IT 2750 KerTime:0.0985663 AccTime:270.2145832
#IT 2760 KerTime:0.0991436 AccTime:271.1915286
#IT 2770 KerTime:0.0971314 AccTime:272.1762710
#IT 2780 KerTime:0.0985323 AccTime:273.1617355
#IT 2790 KerTime:0.0989639 AccTime:274.1476746
#IT 2800 KerTime:0.0967239 AccTime:275.1213764
#IT 2810 KerTime:0.0968195 AccTime:276.1039580
#IT 2820 KerTime:0.0989696 AccTime:277.0783708
#IT 2830 KerTime:0.0966969 AccTime:278.0506441
#IT 2840 KerTime:0.0982528 AccTime:279.0229526
#IT 2850 KerTime:0.0990265 AccTime:280.0044509
#IT 2860 KerTime:0.0966585 AccTime:280.9951378
#IT 2870 KerTime:0.0966918 AccTime:281.9758892
#IT 2880 KerTime:0.0996470 AccTime:282.9604458
#IT 2890 KerTime:0.0997563 AccTime:283.9419811
#IT 2900 KerTime:0.0966669 AccTime:284.9305286
#IT 2910 KerTime:0.1007202 AccTime:285.9116498
#IT 2920 KerTime:0.0966793 AccTime:286.8905004
#IT 2930 KerTime:0.1016799 AccTime:287.8843290
#IT 2940 KerTime:0.0968031 AccTime:288.8785157
#IT 2950 KerTime:0.1006866 AccTime:289.8557255
#IT 2960 KerTime:0.0965703 AccTime:290.8343028
#IT 2970 KerTime:0.0991419 AccTime:291.8242714
#IT 2980 KerTime:0.0987639 AccTime:292.8006129
#IT 2990 KerTime:0.0966690 AccTime:293.7883452
#IT 3000 KerTime:0.0966979 AccTime:294.7702444
#IT 3010 KerTime:0.0970988 AccTime:295.7610613
#IT 3020 KerTime:0.0991015 AccTime:296.7368988
#IT 3030 KerTime:0.0966042 AccTime:297.7202795
#IT 3040 KerTime:0.0966261 AccTime:298.7003988
#IT 3050 KerTime:0.0987456 AccTime:299.6712104
#IT 3060 KerTime:0.0967801 AccTime:300.6518933
#IT 3070 KerTime:0.0990621 AccTime:301.6329223
#IT 3080 KerTime:0.0967802 AccTime:302.6020113
#IT 3090 KerTime:0.0992421 AccTime:303.5867485
#IT 3100 KerTime:0.0966344 AccTime:304.5627556
#IT 3110 KerTime:0.0991977 AccTime:305.5496216
#IT 3120 KerTime:0.0966555 AccTime:306.5376710
#IT 3130 KerTime:0.0978370 AccTime:307.5209093
#IT 3140 KerTime:0.0988592 AccTime:308.5027270
#IT 3150 KerTime:0.0995334 AccTime:309.4929480
#IT 3160 KerTime:0.0982781 AccTime:310.4673772
#IT 3170 KerTime:0.0989191 AccTime:311.4587034
#IT 3180 KerTime:0.0989708 AccTime:312.4333183
#IT 3190 KerTime:0.0986362 AccTime:313.4298751
#IT 3200 KerTime:0.0992588 AccTime:314.4073940
#IT 3210 KerTime:0.1005888 AccTime:315.3921176
#IT 3220 KerTime:0.0990830 AccTime:316.3752188
#IT 3230 KerTime:0.0977943 AccTime:317.3681150
#IT 3240 KerTime:0.0967712 AccTime:318.3498085
#IT 3250 KerTime:0.0987963 AccTime:319.3293200
#IT 3260 KerTime:0.0985352 AccTime:320.3109184
#IT 3270 KerTime:0.0967569 AccTime:321.2815199
#IT 3280 KerTime:0.0986756 AccTime:322.2573932
#IT 3290 KerTime:0.0968866 AccTime:323.2312826
#IT 3300 KerTime:0.0965387 AccTime:324.2108777
#IT 3310 KerTime:0.0986040 AccTime:325.1892368
#IT 3320 KerTime:0.0992665 AccTime:326.1703449
#IT 3330 KerTime:0.0985970 AccTime:327.1631172
#IT 3340 KerTime:0.0999891 AccTime:328.1407970
#IT 3350 KerTime:0.0966185 AccTime:329.1203669
#IT 3360 KerTime:0.0990057 AccTime:330.1082447
#IT 3370 KerTime:0.0989254 AccTime:331.0871784
#IT 3380 KerTime:0.1005812 AccTime:332.0893901
#IT 3390 KerTime:0.0966779 AccTime:333.0729051
#IT 3400 KerTime:0.0972854 AccTime:334.0619741
#IT 3410 KerTime:0.0989668 AccTime:335.0384512
#IT 3420 KerTime:0.0967775 AccTime:336.0253817
#IT 3430 KerTime:0.0990735 AccTime:337.0121141
#IT 3440 KerTime:0.1016240 AccTime:337.9938185
#IT 3450 KerTime:0.0971771 AccTime:338.9715173
#IT 3460 KerTime:0.0968818 AccTime:339.9587203
#IT 3470 KerTime:0.1003821 AccTime:340.9450679
#IT 3480 KerTime:0.0985719 AccTime:341.9246221
#IT 3490 KerTime:0.0968766 AccTime:342.9064693
#IT 3500 KerTime:0.0991691 AccTime:343.8825876
#IT 3510 KerTime:0.0987687 AccTime:344.8770723
#IT 3520 KerTime:0.0967054 AccTime:345.8498462
#IT 3530 KerTime:0.0988057 AccTime:346.8317702
#IT 3540 KerTime:0.0966021 AccTime:347.8082765
#IT 3550 KerTime:0.0966057 AccTime:348.7759562
#IT 3560 KerTime:0.0967186 AccTime:349.7733847
#IT 3570 KerTime:0.1006131 AccTime:350.7487869
#IT 3580 KerTime:0.0967631 AccTime:351.7319167
#IT 3590 KerTime:0.0976235 AccTime:352.7192426
#IT 3600 KerTime:0.0991216 AccTime:353.6976211
#IT 3610 KerTime:0.0966507 AccTime:354.6895177
#IT 3620 KerTime:0.1010818 AccTime:355.6723121
#IT 3630 KerTime:0.0966383 AccTime:356.6512104
#IT 3640 KerTime:0.0987127 AccTime:357.6216087
#IT 3650 KerTime:0.0965337 AccTime:358.6149423
#IT 3660 KerTime:0.1009437 AccTime:359.5997854
#IT 3670 KerTime:0.0987040 AccTime:360.5762874
#IT 3680 KerTime:0.0979825 AccTime:361.5674822
#IT 3690 KerTime:0.0994647 AccTime:362.5454753
#IT 3700 KerTime:0.1011966 AccTime:363.5508329
#IT 3710 KerTime:0.0969350 AccTime:364.5282152
#IT 3720 KerTime:0.0988654 AccTime:365.5193886
#IT 3730 KerTime:0.0968753 AccTime:366.4870506
#IT 3740 KerTime:0.0968779 AccTime:367.4667130
#IT 3750 KerTime:0.0969617 AccTime:368.4481170
#IT 3760 KerTime:0.0967003 AccTime:369.4151199
#IT 3770 KerTime:0.0983108 AccTime:370.3867656
#IT 3780 KerTime:0.0969626 AccTime:371.3589645
#IT 3790 KerTime:0.0986381 AccTime:372.3483706
#IT 3800 KerTime:0.0995467 AccTime:373.3225534
#IT 3810 KerTime:0.0966026 AccTime:374.3106324
#IT 3820 KerTime:0.1000524 AccTime:375.2956808
#IT 3830 KerTime:0.0988543 AccTime:376.2752134
#IT 3840 KerTime:0.0969341 AccTime:377.2621402
#IT 3850 KerTime:0.1000529 AccTime:378.2397675
#IT 3860 KerTime:0.0966608 AccTime:379.2211393
