#SERVER_HEADER --model vit_base_8_edgetpu.tflite -n 32 --vit
#SERVER_BEGIN Y:2024 M:7 D:23 TIME:10:22:21-762585
#LOGFILE /var/radiation-benchmarks/log/2024_07_23_17_22_22_TensorFlow-vit_base_8_edgetpu_ECC_OFF_rasp4-coral.log
#HEADER framework:TensorFlow framework_version:2.10.0 Device:EdgeTPUiterations=1000000000000 testsamples=32 generate=False enableconsolelog=False model=/home/carol/tpu-rad/models/vit_base_8_edgetpu.tflite tokens=None input=/home/carol/tpu-rad/inputs/vit_base_8_images.npy golden=/home/carol/tpu-rad/golden/vit_base_8_golden.npy reload=False vit=True log_interval=10
#BEGIN Y:2024 M:07 D:23 Time:17:22:22
#INF PERF loaded_object:model load_time:4.6759s
#INF PERF loaded_object:data load_time:0.3688s
#IT 0 KerTime:0.1207437 AccTime:0.1207437
#IT 10 KerTime:0.0981089 AccTime:1.0937447
#IT 20 KerTime:0.0984988 AccTime:2.0803125
#IT 30 KerTime:0.0960079 AccTime:3.0449258
#IT 40 KerTime:0.0960371 AccTime:4.0051985
#IT 50 KerTime:0.0993075 AccTime:4.9929119
#IT 60 KerTime:0.0966612 AccTime:5.9630311
#IT 70 KerTime:0.0985972 AccTime:6.9559558
#IT 80 KerTime:0.0965267 AccTime:7.9378326
#IT 90 KerTime:0.1003890 AccTime:8.9259200
#IT 100 KerTime:0.0988905 AccTime:9.9189399
#IT 110 KerTime:0.1014166 AccTime:10.9028919
#IT 120 KerTime:0.0979695 AccTime:11.8810138
#IT 130 KerTime:0.1006883 AccTime:12.8829894
#IT 140 KerTime:0.0990555 AccTime:13.8573586
#IT 150 KerTime:0.0993031 AccTime:14.8408072
#IT 160 KerTime:0.1000803 AccTime:15.8377158
#IT 170 KerTime:0.0966037 AccTime:16.8202555
#IT 180 KerTime:0.0967833 AccTime:17.8012479
#IT 190 KerTime:0.0991301 AccTime:18.7926823
#IT 200 KerTime:0.0994974 AccTime:19.7737256
#IT 210 KerTime:0.0998389 AccTime:20.7757674
#IT 220 KerTime:0.0968473 AccTime:21.7559095
#IT 230 KerTime:0.0967593 AccTime:22.7245988
#IT 240 KerTime:0.0978266 AccTime:23.7183576
#IT 250 KerTime:0.0968973 AccTime:24.6922731
#IT 260 KerTime:0.1012656 AccTime:25.6842843
#IT 270 KerTime:0.0996514 AccTime:26.6841753
#IT 280 KerTime:0.1002799 AccTime:27.6869638
#IT 290 KerTime:0.0992217 AccTime:28.6879925
#IT 300 KerTime:0.1011987 AccTime:29.6906670
#IT 310 KerTime:0.0986930 AccTime:30.6932781
#IT 320 KerTime:0.1004825 AccTime:31.6976812
#IT 330 KerTime:0.0990104 AccTime:32.6976291
#IT 340 KerTime:0.1017206 AccTime:33.7028419
#IT 350 KerTime:0.0991350 AccTime:34.7074165
#SERVER_DUE:power cycle TIME:2024-07-23-10-24-33
