#SERVER_HEADER --model vit_base_8_edgetpu.tflite -n 32 --vit
#SERVER_BEGIN Y:2024 M:7 D:23 TIME:11:24:15-89757
#LOGFILE /var/radiation-benchmarks/log/2024_07_23_18_24_15_TensorFlow-vit_base_8_edgetpu_ECC_OFF_rasp4-coral.log
#HEADER framework:TensorFlow framework_version:2.10.0 Device:EdgeTPUiterations=1000000000000 testsamples=32 generate=False enableconsolelog=False model=/home/carol/tpu-rad/models/vit_base_8_edgetpu.tflite tokens=None input=/home/carol/tpu-rad/inputs/vit_base_8_images.npy golden=/home/carol/tpu-rad/golden/vit_base_8_golden.npy reload=False vit=True log_interval=10
#BEGIN Y:2024 M:07 D:23 Time:18:24:15
#INF PERF loaded_object:model load_time:4.6674s
#INF PERF loaded_object:data load_time:0.3410s
#IT 0 KerTime:0.1210522 AccTime:0.1210522
#IT 10 KerTime:0.0960433 AccTime:1.0942493
#IT 20 KerTime:0.0960839 AccTime:2.0679926
#IT 30 KerTime:0.0981120 AccTime:3.0335949
#IT 40 KerTime:0.0959083 AccTime:4.0038565
#IT 50 KerTime:0.0993578 AccTime:4.9742484
#IT 60 KerTime:0.0967841 AccTime:5.9486640
#IT 70 KerTime:0.0979173 AccTime:6.9180885
#IT 80 KerTime:0.0958874 AccTime:7.8995468
#IT 90 KerTime:0.0992142 AccTime:8.8793004
#IT 100 KerTime:0.0959996 AccTime:9.8455889
#IT 110 KerTime:0.0968788 AccTime:10.8243077
#IT 120 KerTime:0.0998340 AccTime:11.8012580
#IT 130 KerTime:0.0998993 AccTime:12.7993211
#IT 140 KerTime:0.0964312 AccTime:13.7717323
#IT 150 KerTime:0.0973440 AccTime:14.7553890
#IT 160 KerTime:0.0996022 AccTime:15.7303426
#IT 170 KerTime:0.0967310 AccTime:16.7096577
#IT 180 KerTime:0.0982533 AccTime:17.6963822
#IT 190 KerTime:0.0965654 AccTime:18.6667736
#IT 200 KerTime:0.0998866 AccTime:19.6429813
#IT 210 KerTime:0.0967054 AccTime:20.6210020
#IT 220 KerTime:0.0986299 AccTime:21.6075887
