#SERVER_HEADER --model vit_base_8_edgetpu.tflite -n 32 --vit
#SERVER_BEGIN Y:2024 M:7 D:23 TIME:10:18:16-695349
#LOGFILE /var/radiation-benchmarks/log/2024_07_23_17_18_17_TensorFlow-vit_base_8_edgetpu_ECC_OFF_rasp4-coral.log
#HEADER framework:TensorFlow framework_version:2.10.0 Device:EdgeTPUiterations=1000000000000 testsamples=32 generate=False enableconsolelog=False model=/home/carol/tpu-rad/models/vit_base_8_edgetpu.tflite tokens=None input=/home/carol/tpu-rad/inputs/vit_base_8_images.npy golden=/home/carol/tpu-rad/golden/vit_base_8_golden.npy reload=False vit=True log_interval=10
#BEGIN Y:2024 M:07 D:23 Time:17:18:17
#INF PERF loaded_object:model load_time:4.6728s
#INF PERF loaded_object:data load_time:0.3711s
#IT 0 KerTime:0.1231906 AccTime:0.1231906
#IT 10 KerTime:0.1000815 AccTime:1.1096353
#IT 20 KerTime:0.0961894 AccTime:2.0896338
#IT 30 KerTime:0.0958846 AccTime:3.0618796
#IT 40 KerTime:0.1000875 AccTime:4.0460082
#IT 50 KerTime:0.1002283 AccTime:5.0390007
#IT 60 KerTime:0.0992872 AccTime:6.0234293
#IT 70 KerTime:0.0998051 AccTime:7.0271400
#IT 80 KerTime:0.0994055 AccTime:8.0110671
#IT 90 KerTime:0.1008871 AccTime:8.9993657
#IT 100 KerTime:0.1000019 AccTime:10.0007694
#IT 110 KerTime:0.0964728 AccTime:10.9871288
#IT 120 KerTime:0.0985771 AccTime:11.9687690
#IT 130 KerTime:0.1003155 AccTime:12.9690394
#IT 140 KerTime:0.0965309 AccTime:13.9509517
#IT 150 KerTime:0.1002485 AccTime:14.9403823
#IT 160 KerTime:0.0993613 AccTime:15.9379045
#IT 170 KerTime:0.1009047 AccTime:16.9250858
#IT 180 KerTime:0.0974258 AccTime:17.9071238
#IT 190 KerTime:0.0994497 AccTime:18.9084171
#IT 200 KerTime:0.0986593 AccTime:19.8931913
#IT 210 KerTime:0.1010955 AccTime:20.8923442
#IT 220 KerTime:0.0967410 AccTime:21.8881257
#IT 230 KerTime:0.0969039 AccTime:22.8676686
#IT 240 KerTime:0.0994177 AccTime:23.8535845
#IT 250 KerTime:0.1006840 AccTime:24.8433540
#IT 260 KerTime:0.0986281 AccTime:25.8337357
#IT 270 KerTime:0.0967653 AccTime:26.8099826
#IT 280 KerTime:0.0967640 AccTime:27.7766435
#IT 290 KerTime:0.0987493 AccTime:28.7600534
#IT 300 KerTime:0.0982846 AccTime:29.7567482
#IT 310 KerTime:0.0965783 AccTime:30.7272473
#IT 320 KerTime:0.1008178 AccTime:31.7078758
#IT 330 KerTime:0.0981334 AccTime:32.7060654
#IT 340 KerTime:0.0965489 AccTime:33.6792083
#IT 350 KerTime:0.0993938 AccTime:34.6521323
#IT 360 KerTime:0.1011978 AccTime:35.6499012
#IT 370 KerTime:0.0966902 AccTime:36.6284774
#IT 380 KerTime:0.1020843 AccTime:37.6033037
#IT 390 KerTime:0.0967873 AccTime:38.5776359
#IT 400 KerTime:0.1003298 AccTime:39.5577359
#IT 410 KerTime:0.0986611 AccTime:40.5566114
#IT 420 KerTime:0.0967355 AccTime:41.5309522
#IT 430 KerTime:0.0993726 AccTime:42.5057717
#IT 440 KerTime:0.1015121 AccTime:43.5036640
#IT 450 KerTime:0.0968001 AccTime:44.4855705
#IT 460 KerTime:0.0974826 AccTime:45.4544283
#IT 470 KerTime:0.0973120 AccTime:46.4333863
#IT 480 KerTime:0.0969250 AccTime:47.4122846
#IT 490 KerTime:0.0969435 AccTime:48.3802536
#IT 500 KerTime:0.0995225 AccTime:49.3666892
#IT 510 KerTime:0.0993007 AccTime:50.3490152
#IT 520 KerTime:0.1007455 AccTime:51.3437086
#IT 530 KerTime:0.0967936 AccTime:52.3261548
#IT 540 KerTime:0.1000817 AccTime:53.3161071
#IT 550 KerTime:0.0994337 AccTime:54.3171266
#IT 560 KerTime:0.1005495 AccTime:55.3032320
#IT 570 KerTime:0.0966049 AccTime:56.2854338
#IT 580 KerTime:0.1003871 AccTime:57.2739952
#IT 590 KerTime:0.0994528 AccTime:58.2752262
#IT 600 KerTime:0.1010510 AccTime:59.2647767
#IT 610 KerTime:0.0968296 AccTime:60.2483025
#IT 620 KerTime:0.0993586 AccTime:61.2505549
#IT 630 KerTime:0.0989295 AccTime:62.2333333
#IT 640 KerTime:0.1006644 AccTime:63.2344582
#IT 650 KerTime:0.0989371 AccTime:64.2194921
#IT 660 KerTime:0.1002572 AccTime:65.2207432
#IT 670 KerTime:0.0993397 AccTime:66.2065743
#IT 680 KerTime:0.1006429 AccTime:67.1945767
#IT 690 KerTime:0.0986928 AccTime:68.1913113
#IT 700 KerTime:0.0965324 AccTime:69.1751263
#IT 710 KerTime:0.0989581 AccTime:70.1578884
#IT 720 KerTime:0.1000288 AccTime:71.1448408
#IT 730 KerTime:0.0989720 AccTime:72.1379687
#IT 740 KerTime:0.0967598 AccTime:73.1218835
#IT 750 KerTime:0.0991566 AccTime:74.1034481
#IT 760 KerTime:0.1007220 AccTime:75.0974979
#IT 770 KerTime:0.0992026 AccTime:76.0808275
#IT 780 KerTime:0.0968270 AccTime:77.0576585
#IT 790 KerTime:0.0992051 AccTime:78.0406844
#IT 800 KerTime:0.0978178 AccTime:79.0237930
#IT 810 KerTime:0.1012206 AccTime:80.0042201
#IT 820 KerTime:0.0990865 AccTime:80.9963991
#IT 830 KerTime:0.0971489 AccTime:81.9760614
#IT 840 KerTime:0.0965190 AccTime:82.9600313
#IT 850 KerTime:0.0989887 AccTime:83.9416547
#IT 860 KerTime:0.0987148 AccTime:84.9240020
#IT 870 KerTime:0.0984941 AccTime:85.9060159
#IT 880 KerTime:0.0965834 AccTime:86.8976037
#IT 890 KerTime:0.1018112 AccTime:87.8865600
#IT 900 KerTime:0.0991288 AccTime:88.8768840
#IT 910 KerTime:0.0986936 AccTime:89.8678880
#IT 920 KerTime:0.0990610 AccTime:90.8485005
#IT 930 KerTime:0.0989723 AccTime:91.8349183
#IT 940 KerTime:0.0967953 AccTime:92.8138409
#IT 950 KerTime:0.0966157 AccTime:93.7802458
#IT 960 KerTime:0.0989065 AccTime:94.7567265
#IT 970 KerTime:0.0987578 AccTime:95.7385139
#IT 980 KerTime:0.0966680 AccTime:96.7093024
#IT 990 KerTime:0.0986598 AccTime:97.6874624
#IT 1000 KerTime:0.0999468 AccTime:98.6828367
#IT 1010 KerTime:0.0965552 AccTime:99.6577269
#IT 1020 KerTime:0.0993013 AccTime:100.6283899
#IT 1030 KerTime:0.1006223 AccTime:101.6148068
#IT 1040 KerTime:0.0992631 AccTime:102.5986476
#IT 1050 KerTime:0.1004824 AccTime:103.5991628
#IT 1060 KerTime:0.0994607 AccTime:104.5822453
#IT 1070 KerTime:0.1003112 AccTime:105.5692137
#IT 1080 KerTime:0.1004874 AccTime:106.5701918
#IT 1090 KerTime:0.0974705 AccTime:107.5615175
#IT 1100 KerTime:0.1010458 AccTime:108.5551811
#IT 1110 KerTime:0.1008516 AccTime:109.5570317
#IT 1120 KerTime:0.0965175 AccTime:110.5396707
#IT 1130 KerTime:0.1004825 AccTime:111.5274181
#IT 1140 KerTime:0.0989487 AccTime:112.5286827
#IT 1150 KerTime:0.1003731 AccTime:113.5285171
#IT 1160 KerTime:0.0993066 AccTime:114.5237488
#IT 1170 KerTime:0.0967435 AccTime:115.5091212
#IT 1180 KerTime:0.0993488 AccTime:116.4935586
#IT 1190 KerTime:0.1014976 AccTime:117.4881147
#IT 1200 KerTime:0.0966460 AccTime:118.4762345
#IT 1210 KerTime:0.0975602 AccTime:119.4596132
#IT 1220 KerTime:0.0992330 AccTime:120.4597053
#IT 1230 KerTime:0.1004433 AccTime:121.4552653
#IT 1240 KerTime:0.0976493 AccTime:122.4378395
#IT 1250 KerTime:0.1016961 AccTime:123.4365896
#IT 1260 KerTime:0.0991354 AccTime:124.4332148
#IT 1270 KerTime:0.0999966 AccTime:125.4179459
#IT 1280 KerTime:0.0960123 AccTime:126.3854391
#IT 1290 KerTime:0.0969196 AccTime:127.3533010
#IT 1300 KerTime:0.0991717 AccTime:128.3476312
#IT 1310 KerTime:0.0971123 AccTime:129.3236634
#IT 1320 KerTime:0.0986118 AccTime:130.2900380
#IT 1330 KerTime:0.1004432 AccTime:131.2799981
#IT 1340 KerTime:0.0961065 AccTime:132.2616404
#IT 1350 KerTime:0.0960608 AccTime:133.2249095
#IT 1360 KerTime:0.0996391 AccTime:134.2090806
#IT 1370 KerTime:0.0964932 AccTime:135.2025417
#IT 1380 KerTime:0.0960275 AccTime:136.1656732
#IT 1390 KerTime:0.0987274 AccTime:137.1384516
#IT 1400 KerTime:0.1010919 AccTime:138.1206309
#SERVER_DUE:power cycle TIME:2024-07-23-10-22-05
