#SERVER_HEADER --model vit_base_8_edgetpu.tflite -n 32 --vit
#SERVER_BEGIN Y:2024 M:7 D:23 TIME:10:18:16-881057
#LOGFILE /var/radiation-benchmarks/log/2024_07_23_17_18_17_TensorFlow-vit_base_8_edgetpu_ECC_OFF_rasp4-coral.log
#HEADER framework:TensorFlow framework_version:2.10.0 Device:EdgeTPUiterations=1000000000000 testsamples=32 generate=False enableconsolelog=False model=/home/carol/tpu-rad/models/vit_base_8_edgetpu.tflite tokens=None input=/home/carol/tpu-rad/inputs/vit_base_8_images.npy golden=/home/carol/tpu-rad/golden/vit_base_8_golden.npy reload=False vit=True log_interval=10
#BEGIN Y:2024 M:07 D:23 Time:17:18:17
#INF PERF loaded_object:model load_time:4.6758s
#INF PERF loaded_object:data load_time:0.3810s
#IT 0 KerTime:0.1231176 AccTime:0.1231176
#IT 10 KerTime:0.0967230 AccTime:1.0932317
#IT 20 KerTime:0.0990980 AccTime:2.0700843
#IT 30 KerTime:0.0965887 AccTime:3.0401644
#IT 40 KerTime:0.0966337 AccTime:4.0242857
#IT 50 KerTime:0.0991453 AccTime:5.0063856
#IT 60 KerTime:0.0966309 AccTime:5.9783221
#IT 70 KerTime:0.0970220 AccTime:6.9475505
#IT 80 KerTime:0.0962191 AccTime:7.9348962
#IT 90 KerTime:0.1005475 AccTime:8.9176877
#IT 100 KerTime:0.0962340 AccTime:9.8901242
#IT 110 KerTime:0.0978374 AccTime:10.8763700
#IT 120 KerTime:0.1000316 AccTime:11.8521855
#IT 130 KerTime:0.1007102 AccTime:12.8538412
#IT 140 KerTime:0.0969253 AccTime:13.8282132
#IT 150 KerTime:0.1007737 AccTime:14.8188929
#IT 160 KerTime:0.0996261 AccTime:15.7968657
#IT 170 KerTime:0.0972733 AccTime:16.7762328
#IT 180 KerTime:0.0991004 AccTime:17.7641666
#IT 190 KerTime:0.0967249 AccTime:18.7372235
#IT 200 KerTime:0.1011670 AccTime:19.7138415
#IT 210 KerTime:0.0966523 AccTime:20.6952439
#IT 220 KerTime:0.0983687 AccTime:21.6783131
#IT 230 KerTime:0.0964865 AccTime:22.6512919
#IT 240 KerTime:0.0963845 AccTime:23.6280818
#IT 250 KerTime:0.0983534 AccTime:24.6051401
#IT 260 KerTime:0.0966578 AccTime:25.5888688
#IT 270 KerTime:0.0992369 AccTime:26.5767841
#IT 280 KerTime:0.0996876 AccTime:27.5721318
#IT 290 KerTime:0.0985720 AccTime:28.5575811
#IT 300 KerTime:0.0986086 AccTime:29.5395969
#IT 310 KerTime:0.0986605 AccTime:30.5365853
#IT 320 KerTime:0.1009562 AccTime:31.5324393
#IT 330 KerTime:0.0990373 AccTime:32.5188456
#IT 340 KerTime:0.1003832 AccTime:33.5126380
#IT 350 KerTime:0.0988817 AccTime:34.5071150
#IT 360 KerTime:0.1003777 AccTime:35.4935803
#IT 370 KerTime:0.1001999 AccTime:36.4897340
#IT 380 KerTime:0.1003454 AccTime:37.4888135
#IT 390 KerTime:0.0990457 AccTime:38.4892730
#IT 400 KerTime:0.1001239 AccTime:39.4786823
#IT 410 KerTime:0.0992530 AccTime:40.4670049
#IT 420 KerTime:0.1007167 AccTime:41.4565828
#IT 430 KerTime:0.0988051 AccTime:42.4506321
#IT 440 KerTime:0.1007756 AccTime:43.4377838
#IT 450 KerTime:0.0994428 AccTime:44.4291197
#IT 460 KerTime:0.0966385 AccTime:45.4228323
#IT 470 KerTime:0.0967772 AccTime:46.4039105
#IT 480 KerTime:0.1011547 AccTime:47.3984631
#IT 490 KerTime:0.0990026 AccTime:48.3900822
#IT 500 KerTime:0.0964899 AccTime:49.3692552
#IT 510 KerTime:0.0966761 AccTime:50.3531083
#IT 520 KerTime:0.1003778 AccTime:51.3360286
#IT 530 KerTime:0.0987846 AccTime:52.3179069
#IT 540 KerTime:0.0992746 AccTime:53.3094829
#IT 550 KerTime:0.0982809 AccTime:54.2833017
#IT 560 KerTime:0.0968724 AccTime:55.2662993
#IT 570 KerTime:0.0991732 AccTime:56.2568248
#IT 580 KerTime:0.0992498 AccTime:57.2505809
#IT 590 KerTime:0.0996894 AccTime:58.2330348
#IT 600 KerTime:0.0966983 AccTime:59.2123719
#IT 610 KerTime:0.0987023 AccTime:60.1988612
#IT 620 KerTime:0.0990444 AccTime:61.1757980
#IT 630 KerTime:0.0967161 AccTime:62.1571087
#IT 640 KerTime:0.0974129 AccTime:63.1395548
#IT 650 KerTime:0.0997618 AccTime:64.1247791
#IT 660 KerTime:0.0990029 AccTime:65.1012195
#IT 670 KerTime:0.0966618 AccTime:66.0915334
#IT 680 KerTime:0.1014934 AccTime:67.0775680
#IT 690 KerTime:0.0966902 AccTime:68.0532906
#IT 700 KerTime:0.0970823 AccTime:69.0392407
#IT 710 KerTime:0.0964341 AccTime:70.0147384
#IT 720 KerTime:0.0994809 AccTime:70.9870304
#IT 730 KerTime:0.0967429 AccTime:71.9645786
#IT 740 KerTime:0.0989537 AccTime:72.9481453
#IT 750 KerTime:0.0993143 AccTime:73.9243537
#IT 760 KerTime:0.0976556 AccTime:74.9106006
#IT 770 KerTime:0.0991663 AccTime:75.8965689
#IT 780 KerTime:0.0969013 AccTime:76.8804751
#IT 790 KerTime:0.1005464 AccTime:77.8775522
#IT 800 KerTime:0.0996965 AccTime:78.8823475
#IT 810 KerTime:0.0965496 AccTime:79.8710124
#IT 820 KerTime:0.0990856 AccTime:80.8568935
#IT 830 KerTime:0.1011124 AccTime:81.8515265
#IT 840 KerTime:0.0991976 AccTime:82.8437009
#IT 850 KerTime:0.0993255 AccTime:83.8455801
#IT 860 KerTime:0.0970629 AccTime:84.8284176
#IT 870 KerTime:0.1005498 AccTime:85.8245322
#IT 880 KerTime:0.0988984 AccTime:86.8248912
#IT 890 KerTime:0.1004722 AccTime:87.8172121
#IT 900 KerTime:0.0991237 AccTime:88.8131868
#IT 910 KerTime:0.1005779 AccTime:89.8122891
#IT 920 KerTime:0.0995564 AccTime:90.8053817
#IT 930 KerTime:0.0967596 AccTime:91.7857606
#IT 940 KerTime:0.0985232 AccTime:92.7718192
#IT 950 KerTime:0.1002356 AccTime:93.7659020
#IT 960 KerTime:0.0991976 AccTime:94.7513553
#IT 970 KerTime:0.0966942 AccTime:95.7309150
#IT 980 KerTime:0.0995476 AccTime:96.7165322
#IT 990 KerTime:0.1010143 AccTime:97.7177712
#IT 1000 KerTime:0.0983450 AccTime:98.7006288
#IT 1010 KerTime:0.0988877 AccTime:99.6800087
#IT 1020 KerTime:0.0991365 AccTime:100.6747403
#IT 1030 KerTime:0.0959630 AccTime:101.6493781
#IT 1040 KerTime:0.0983292 AccTime:102.6263208
#IT 1050 KerTime:0.0987892 AccTime:103.5998412
#IT 1060 KerTime:0.0967110 AccTime:104.5867906
#IT 1070 KerTime:0.1000033 AccTime:105.5665417
#IT 1080 KerTime:0.0966629 AccTime:106.5443409
#IT 1090 KerTime:0.0987108 AccTime:107.5171760
#IT 1100 KerTime:0.0964827 AccTime:108.5034502
#IT 1110 KerTime:0.0993244 AccTime:109.4878001
#IT 1120 KerTime:0.0990510 AccTime:110.4688531
#IT 1130 KerTime:0.0984163 AccTime:111.4584543
#IT 1140 KerTime:0.0983873 AccTime:112.4345422
#IT 1150 KerTime:0.0996044 AccTime:113.4372389
#IT 1160 KerTime:0.0975774 AccTime:114.4122541
#IT 1170 KerTime:0.0967049 AccTime:115.3928237
#IT 1180 KerTime:0.0991425 AccTime:116.3668830
#IT 1190 KerTime:0.0965922 AccTime:117.3394447
#IT 1200 KerTime:0.0982905 AccTime:118.3149219
#IT 1210 KerTime:0.0966717 AccTime:119.2831228
#IT 1220 KerTime:0.0966012 AccTime:120.2524166
#IT 1230 KerTime:0.0983626 AccTime:121.2378386
#IT 1240 KerTime:0.0966201 AccTime:122.2173049
#IT 1250 KerTime:0.0992475 AccTime:123.1982752
#IT 1260 KerTime:0.0966390 AccTime:124.1838887
#IT 1270 KerTime:0.0988878 AccTime:125.1589603
#IT 1280 KerTime:0.1010051 AccTime:126.1552599
#IT 1290 KerTime:0.0969007 AccTime:127.1498871
#IT 1300 KerTime:0.1000359 AccTime:128.1352777
#IT 1310 KerTime:0.0993299 AccTime:129.1274994
#IT 1320 KerTime:0.0991018 AccTime:130.1280427
#IT 1330 KerTime:0.0965999 AccTime:131.1088863
#IT 1340 KerTime:0.1016922 AccTime:132.1014523
#IT 1350 KerTime:0.1002072 AccTime:133.1049182
#IT 1360 KerTime:0.0965680 AccTime:134.0941907
#IT 1370 KerTime:0.0989940 AccTime:135.0836613
#IT 1380 KerTime:0.1002881 AccTime:136.0829903
#IT 1390 KerTime:0.0988435 AccTime:137.0755935
#IT 1400 KerTime:0.1002395 AccTime:138.0603288
#IT 1410 KerTime:0.0965916 AccTime:139.0456043
#IT 1420 KerTime:0.1000479 AccTime:140.0296425
#IT 1430 KerTime:0.0994788 AccTime:141.0200217
#IT 1440 KerTime:0.0966807 AccTime:142.0038322
#IT 1450 KerTime:0.0968522 AccTime:142.9829103
#IT 1460 KerTime:0.1012473 AccTime:143.9804859
#IT 1470 KerTime:0.0992181 AccTime:144.9782528
#IT 1480 KerTime:0.0992946 AccTime:145.9629780
#IT 1490 KerTime:0.0994988 AccTime:146.9670699
#IT 1500 KerTime:0.1009840 AccTime:147.9528544
#IT 1510 KerTime:0.0989358 AccTime:148.9372614
#IT 1520 KerTime:0.1005611 AccTime:149.9369650
#IT 1530 KerTime:0.0968027 AccTime:150.9280336
#IT 1540 KerTime:0.0985017 AccTime:151.9120235
#IT 1550 KerTime:0.0966674 AccTime:152.8877343
#IT 1560 KerTime:0.0985075 AccTime:153.8794883
#IT 1570 KerTime:0.0976058 AccTime:154.8572353
#IT 1580 KerTime:0.0967546 AccTime:155.8374121
#IT 1590 KerTime:0.1005309 AccTime:156.8229122
#IT 1600 KerTime:0.0986834 AccTime:157.8176425
#IT 1610 KerTime:0.0990736 AccTime:158.7916574
#IT 1620 KerTime:0.0966370 AccTime:159.7785327
#IT 1630 KerTime:0.0991532 AccTime:160.7540013
#IT 1640 KerTime:0.0987414 AccTime:161.7298921
#IT 1650 KerTime:0.0968901 AccTime:162.7074579
#IT 1660 KerTime:0.0967268 AccTime:163.6904968
#IT 1670 KerTime:0.0993945 AccTime:164.6658378
#IT 1680 KerTime:0.1012828 AccTime:165.6469127
#IT 1690 KerTime:0.0989873 AccTime:166.6275435
#IT 1700 KerTime:0.0988058 AccTime:167.6214774
#IT 1710 KerTime:0.0968007 AccTime:168.6026617
#IT 1720 KerTime:0.0973034 AccTime:169.5833780
#IT 1730 KerTime:0.0985214 AccTime:170.5743040
#IT 1740 KerTime:0.0985136 AccTime:171.5579487
#IT 1750 KerTime:0.0984784 AccTime:172.5332486
#IT 1760 KerTime:0.0966241 AccTime:173.5195171
#IT 1770 KerTime:0.0986545 AccTime:174.5021052
#IT 1780 KerTime:0.0986115 AccTime:175.4879924
#IT 1790 KerTime:0.0980299 AccTime:176.4748905
#IT 1800 KerTime:0.1013110 AccTime:177.4801606
#IT 1810 KerTime:0.0998684 AccTime:178.4757766
#IT 1820 KerTime:0.0989132 AccTime:179.4619953
#IT 1830 KerTime:0.1006205 AccTime:180.4535997
#IT 1840 KerTime:0.0968510 AccTime:181.4448468
#IT 1850 KerTime:0.1010961 AccTime:182.4408921
#IT 1860 KerTime:0.0990371 AccTime:183.4301656
#IT 1870 KerTime:0.0989387 AccTime:184.4134055
#IT 1880 KerTime:0.0990466 AccTime:185.4057164
#IT 1890 KerTime:0.0999253 AccTime:186.3923058
#IT 1900 KerTime:0.0988869 AccTime:187.3794820
#IT 1910 KerTime:0.1007150 AccTime:188.3715345
#IT 1920 KerTime:0.0970228 AccTime:189.3724646
#IT 1930 KerTime:0.1004501 AccTime:190.3585789
#IT 1940 KerTime:0.1002179 AccTime:191.3473770
#IT 1950 KerTime:0.0993097 AccTime:192.3483621
#IT 1960 KerTime:0.0968849 AccTime:193.3332766
#IT 1970 KerTime:0.1007444 AccTime:194.3190795
#IT 1980 KerTime:0.0993045 AccTime:195.3052625
#IT 1990 KerTime:0.1005386 AccTime:196.3057996
#IT 2000 KerTime:0.0968889 AccTime:197.2909005
#IT 2010 KerTime:0.1009950 AccTime:198.2762560
#IT 2020 KerTime:0.1006356 AccTime:199.2771736
#IT 2030 KerTime:0.0966921 AccTime:200.2700796
#IT 2040 KerTime:0.0987720 AccTime:201.2604313
#IT 2050 KerTime:0.0967275 AccTime:202.2408590
#IT 2060 KerTime:0.0977438 AccTime:203.2257471
#IT 2070 KerTime:0.0986925 AccTime:204.1995795
#IT 2080 KerTime:0.0966520 AccTime:205.1887650
#IT 2090 KerTime:0.0973908 AccTime:206.1701465
#IT 2100 KerTime:0.0965949 AccTime:207.1385649
#IT 2110 KerTime:0.0986982 AccTime:208.1091552
#IT 2120 KerTime:0.0965446 AccTime:209.0869679
#IT 2130 KerTime:0.0997175 AccTime:210.0634988
#IT 2140 KerTime:0.0964435 AccTime:211.0398341
#IT 2150 KerTime:0.0968615 AccTime:212.0172266
#IT 2160 KerTime:0.0990244 AccTime:213.0030142
#IT 2170 KerTime:0.0974193 AccTime:213.9930107
#IT 2180 KerTime:0.0968968 AccTime:214.9828729
#IT 2190 KerTime:0.0967737 AccTime:215.9652741
#IT 2200 KerTime:0.0984614 AccTime:216.9566250
#IT 2210 KerTime:0.0993291 AccTime:217.9328104
#IT 2220 KerTime:0.0991456 AccTime:218.9149568
#IT 2230 KerTime:0.0971111 AccTime:219.9065343
#IT 2240 KerTime:0.0986995 AccTime:220.8902070
#IT 2250 KerTime:0.0999878 AccTime:221.8747650
#IT 2260 KerTime:0.0966210 AccTime:222.8642006
#IT 2270 KerTime:0.1012454 AccTime:223.8522952
#IT 2280 KerTime:0.1003103 AccTime:224.8383587
#IT 2290 KerTime:0.0994596 AccTime:225.8202261
#IT 2300 KerTime:0.0972002 AccTime:226.8080850
#IT 2310 KerTime:0.0979082 AccTime:227.7960329
#IT 2320 KerTime:0.1001826 AccTime:228.7964750
#IT 2330 KerTime:0.0988203 AccTime:229.7943859
#IT 2340 KerTime:0.0965189 AccTime:230.7768067
#IT 2350 KerTime:0.0976518 AccTime:231.7625271
#IT 2360 KerTime:0.1007831 AccTime:232.7553110
#IT 2370 KerTime:0.0992524 AccTime:233.7433651
#IT 2380 KerTime:0.1006325 AccTime:234.7437325
#IT 2390 KerTime:0.0966283 AccTime:235.7275589
#IT 2400 KerTime:0.1004061 AccTime:236.7134288
#IT 2410 KerTime:0.1005163 AccTime:237.7139366
#IT 2420 KerTime:0.1003425 AccTime:238.7121934
#IT 2430 KerTime:0.1005051 AccTime:239.7121891
#IT 2440 KerTime:0.0998190 AccTime:240.7144191
#IT 2450 KerTime:0.0992863 AccTime:241.7014483
#IT 2460 KerTime:0.1010079 AccTime:242.6876820
#IT 2470 KerTime:0.0988473 AccTime:243.6892811
#IT 2480 KerTime:0.1005764 AccTime:244.6748085
#IT 2490 KerTime:0.1004771 AccTime:245.6774465
#IT 2500 KerTime:0.0967997 AccTime:246.6711542
#IT 2510 KerTime:0.0968899 AccTime:247.6517590
#IT 2520 KerTime:0.1013446 AccTime:248.6516291
#IT 2530 KerTime:0.0991473 AccTime:249.6497534
#IT 2540 KerTime:0.0966722 AccTime:250.6299400
#IT 2550 KerTime:0.0968076 AccTime:251.6137095
#IT 2560 KerTime:0.0988499 AccTime:252.5927553
#IT 2570 KerTime:0.0967334 AccTime:253.5618350
#IT 2580 KerTime:0.0977756 AccTime:254.5406786
#SERVER_DUE:power cycle TIME:2024-07-23-10-24-07
