#SERVER_HEADER --model vit_base_8_edgetpu.tflite -n 32 --vit
#SERVER_BEGIN Y:2024 M:7 D:23 TIME:10:24:23-391303
#LOGFILE /var/radiation-benchmarks/log/2024_07_23_17_24_23_TensorFlow-vit_base_8_edgetpu_ECC_OFF_rasp4-coral.log
#HEADER framework:TensorFlow framework_version:2.10.0 Device:EdgeTPUiterations=1000000000000 testsamples=32 generate=False enableconsolelog=False model=/home/carol/tpu-rad/models/vit_base_8_edgetpu.tflite tokens=None input=/home/carol/tpu-rad/inputs/vit_base_8_images.npy golden=/home/carol/tpu-rad/golden/vit_base_8_golden.npy reload=False vit=True log_interval=10
#BEGIN Y:2024 M:07 D:23 Time:17:24:23
#INF PERF loaded_object:model load_time:4.6833s
#INF PERF loaded_object:data load_time:0.3728s
#IT 0 KerTime:0.1232790 AccTime:0.1232790
#IT 10 KerTime:0.1004473 AccTime:1.1043837
#IT 20 KerTime:0.0982858 AccTime:2.0920183
#IT 30 KerTime:0.0960092 AccTime:3.0656090
#IT 40 KerTime:0.0986843 AccTime:4.0410700
#IT 50 KerTime:0.1008856 AccTime:5.0284136
#IT 60 KerTime:0.0968281 AccTime:6.0215203
#IT 70 KerTime:0.0969178 AccTime:7.0023142
#IT 80 KerTime:0.0987625 AccTime:7.9855511
#IT 90 KerTime:0.1002270 AccTime:8.9829769
#IT 100 KerTime:0.0966387 AccTime:9.9795919
#IT 110 KerTime:0.0966317 AccTime:10.9603067
#IT 120 KerTime:0.1001307 AccTime:11.9545443
#IT 130 KerTime:0.1007492 AccTime:12.9613331
#IT 140 KerTime:0.0966546 AccTime:13.9511163
#IT 150 KerTime:0.0968691 AccTime:14.9305611
#IT 160 KerTime:0.0997409 AccTime:15.9256255
#IT 170 KerTime:0.1003109 AccTime:16.9282940
#IT 180 KerTime:0.0967814 AccTime:17.9099023
#IT 190 KerTime:0.0966105 AccTime:18.8911889
#IT 200 KerTime:0.1006446 AccTime:19.8854317
#IT 210 KerTime:0.1009646 AccTime:20.8875459
#IT 220 KerTime:0.0996394 AccTime:21.8730647
#IT 230 KerTime:0.0983584 AccTime:22.8590684
#IT 240 KerTime:0.0994156 AccTime:23.8542195
#IT 250 KerTime:0.1006555 AccTime:24.8419951
#IT 260 KerTime:0.0966065 AccTime:25.8254293
#IT 270 KerTime:0.0966304 AccTime:26.7931227
#IT 280 KerTime:0.0966908 AccTime:27.7741058
#IT 290 KerTime:0.0988795 AccTime:28.7513469
#IT 300 KerTime:0.0970818 AccTime:29.7414110
#IT 310 KerTime:0.0966780 AccTime:30.7225456
#IT 320 KerTime:0.0991595 AccTime:31.7081371
#IT 330 KerTime:0.0965812 AccTime:32.6990548
#IT 340 KerTime:0.0966317 AccTime:33.6809422
#IT 350 KerTime:0.1016090 AccTime:34.6703108
#IT 360 KerTime:0.0989926 AccTime:35.6447447
#IT 370 KerTime:0.0992394 AccTime:36.6270230
#IT 380 KerTime:0.1015653 AccTime:37.6260463
#IT 390 KerTime:0.1010299 AccTime:38.6219178
#IT 400 KerTime:0.0992666 AccTime:39.6045972
#IT 410 KerTime:0.0987518 AccTime:40.5796325
#IT 420 KerTime:0.0965998 AccTime:41.5666468
#IT 430 KerTime:0.0997597 AccTime:42.5454905
#IT 440 KerTime:0.0992036 AccTime:43.5386631
#IT 450 KerTime:0.0984502 AccTime:44.5243097
#IT 460 KerTime:0.0966569 AccTime:45.4948680
#IT 470 KerTime:0.0974204 AccTime:46.4769580
#IT 480 KerTime:0.0992725 AccTime:47.4458426
#IT 490 KerTime:0.0970707 AccTime:48.4230796
#IT 500 KerTime:0.0965104 AccTime:49.4049914
#IT 510 KerTime:0.0994058 AccTime:50.3771367
#IT 520 KerTime:0.1009963 AccTime:51.3653261
#IT 530 KerTime:0.0974608 AccTime:52.3477905
#IT 540 KerTime:0.1016068 AccTime:53.3509321
#IT 550 KerTime:0.0993756 AccTime:54.3363982
#IT 560 KerTime:0.1003808 AccTime:55.3239601
#IT 570 KerTime:0.1000458 AccTime:56.3230568
#IT 580 KerTime:0.0966722 AccTime:57.3081936
#IT 590 KerTime:0.1001406 AccTime:58.3032718
#IT 600 KerTime:0.0996256 AccTime:59.3027432
#IT 610 KerTime:0.0966837 AccTime:60.2858525
#IT 620 KerTime:0.0987946 AccTime:61.2707075
#IT 630 KerTime:0.0989608 AccTime:62.2717306
#IT 640 KerTime:0.1001745 AccTime:63.2713692
#IT 650 KerTime:0.0994207 AccTime:64.2733903
#IT 660 KerTime:0.0967666 AccTime:65.2609150
#IT 670 KerTime:0.0988422 AccTime:66.2432224
#IT 680 KerTime:0.1008014 AccTime:67.2445454
#IT 690 KerTime:0.0967662 AccTime:68.2409704
#IT 700 KerTime:0.0994495 AccTime:69.2264923
#IT 710 KerTime:0.0992762 AccTime:70.2144930
#IT 720 KerTime:0.1010572 AccTime:71.2032198
#IT 730 KerTime:0.0987653 AccTime:72.1893845
#IT 740 KerTime:0.0987997 AccTime:73.1836427
#IT 750 KerTime:0.0993834 AccTime:74.1690350
#IT 760 KerTime:0.1009988 AccTime:75.1646567
#IT 770 KerTime:0.0990398 AccTime:76.1570419
#IT 780 KerTime:0.0965798 AccTime:77.1352813
#IT 790 KerTime:0.0991088 AccTime:78.1178817
#IT 800 KerTime:0.0991934 AccTime:79.1031280
#IT 810 KerTime:0.1008873 AccTime:80.0960636
#IT 820 KerTime:0.0988296 AccTime:81.0830224
#IT 830 KerTime:0.0988257 AccTime:82.0713273
#IT 840 KerTime:0.0985029 AccTime:83.0531927
#IT 850 KerTime:0.0993210 AccTime:84.0270501
#IT 860 KerTime:0.0965973 AccTime:85.0098333
#IT 870 KerTime:0.0986744 AccTime:85.9909314
#IT 880 KerTime:0.0989388 AccTime:86.9829314
#IT 890 KerTime:0.1018577 AccTime:87.9713377
#IT 900 KerTime:0.0968063 AccTime:88.9588832
#IT 910 KerTime:0.0991219 AccTime:89.9510924
#IT 920 KerTime:0.0966157 AccTime:90.9359316
#IT 930 KerTime:0.0966424 AccTime:91.9177618
#IT 940 KerTime:0.0966119 AccTime:92.8840050
#IT 950 KerTime:0.0965672 AccTime:93.8647021
#IT 960 KerTime:0.0965506 AccTime:94.8315678
#IT 970 KerTime:0.0986160 AccTime:95.8104603
#IT 980 KerTime:0.0990470 AccTime:96.7837426
#IT 990 KerTime:0.0968233 AccTime:97.7706541
#IT 1000 KerTime:0.0985835 AccTime:98.7542037
#IT 1010 KerTime:0.0980426 AccTime:99.7271611
#IT 1020 KerTime:0.1005387 AccTime:100.7171585
#IT 1030 KerTime:0.1007830 AccTime:101.7208041
#IT 1040 KerTime:0.0968040 AccTime:102.7044525
#IT 1050 KerTime:0.1002924 AccTime:103.6920496
#IT 1060 KerTime:0.0995549 AccTime:104.6917575
#IT 1070 KerTime:0.1005996 AccTime:105.6801898
#IT 1080 KerTime:0.0968430 AccTime:106.6626005
#IT 1090 KerTime:0.0982270 AccTime:107.6494902
#IT 1100 KerTime:0.0983170 AccTime:108.6471353
#IT 1110 KerTime:0.0995354 AccTime:109.6342703
#IT 1120 KerTime:0.0994091 AccTime:110.6205298
#IT 1130 KerTime:0.0997594 AccTime:111.6260304
#IT 1140 KerTime:0.0988308 AccTime:112.6107348
#IT 1150 KerTime:0.1005928 AccTime:113.6113598
#IT 1160 KerTime:0.0968509 AccTime:114.5933910
#IT 1170 KerTime:0.0991556 AccTime:115.5873814
#IT 1180 KerTime:0.0987683 AccTime:116.5692655
#IT 1190 KerTime:0.1004707 AccTime:117.5557022
#IT 1200 KerTime:0.0996775 AccTime:118.5504551
#IT 1210 KerTime:0.0967401 AccTime:119.5375968
#IT 1220 KerTime:0.0994073 AccTime:120.5202758
#IT 1230 KerTime:0.1013765 AccTime:121.5183406
#IT 1240 KerTime:0.0995227 AccTime:122.5171513
#IT 1250 KerTime:0.0968389 AccTime:123.5008631
#IT 1260 KerTime:0.0995828 AccTime:124.4892304
#IT 1270 KerTime:0.1005807 AccTime:125.4923116
#IT 1280 KerTime:0.0995491 AccTime:126.4827278
#IT 1290 KerTime:0.0991046 AccTime:127.4763889
#IT 1300 KerTime:0.0986965 AccTime:128.4507859
#IT 1310 KerTime:0.0992230 AccTime:129.4411666
#IT 1320 KerTime:0.0994178 AccTime:130.4205768
#IT 1330 KerTime:0.0988658 AccTime:131.4124497
#IT 1340 KerTime:0.0988856 AccTime:132.3915710
#IT 1350 KerTime:0.0983942 AccTime:133.3720078
#IT 1360 KerTime:0.1002402 AccTime:134.3611508
#IT 1370 KerTime:0.0967148 AccTime:135.3424475
#IT 1380 KerTime:0.0971665 AccTime:136.3316962
#IT 1390 KerTime:0.0966372 AccTime:137.3154074
#IT 1400 KerTime:0.1015468 AccTime:138.2901226
#IT 1410 KerTime:0.0968240 AccTime:139.2655817
#IT 1420 KerTime:0.0968162 AccTime:140.2459173
#IT 1430 KerTime:0.0973726 AccTime:141.2271026
#IT 1440 KerTime:0.0993005 AccTime:142.1989551
#IT 1450 KerTime:0.0968842 AccTime:143.1869392
#IT 1460 KerTime:0.0991896 AccTime:144.1650657
#IT 1470 KerTime:0.0988410 AccTime:145.1641724
#IT 1480 KerTime:0.0991549 AccTime:146.1411855
#IT 1490 KerTime:0.0985759 AccTime:147.1310720
#IT 1500 KerTime:0.0999452 AccTime:148.1101922
#IT 1510 KerTime:0.0965718 AccTime:149.0893488
#IT 1520 KerTime:0.0991167 AccTime:150.0785335
#IT 1530 KerTime:0.0996053 AccTime:151.0619121
#IT 1540 KerTime:0.1017305 AccTime:152.0628031
#IT 1550 KerTime:0.0967922 AccTime:153.0590052
#IT 1560 KerTime:0.0968242 AccTime:154.0394103
#IT 1570 KerTime:0.1008548 AccTime:155.0369335
#IT 1580 KerTime:0.1004052 AccTime:156.0390995
#IT 1590 KerTime:0.0986924 AccTime:157.0221233
#IT 1600 KerTime:0.1005379 AccTime:158.0262269
#IT 1610 KerTime:0.0986655 AccTime:159.0116423
#IT 1620 KerTime:0.0995295 AccTime:159.9980890
#IT 1630 KerTime:0.0986490 AccTime:160.9938209
#IT 1640 KerTime:0.0967571 AccTime:161.9775932
#IT 1650 KerTime:0.0987921 AccTime:162.9584246
#IT 1660 KerTime:0.1002233 AccTime:163.9582882
#IT 1670 KerTime:0.0967381 AccTime:164.9395005
#IT 1680 KerTime:0.0990771 AccTime:165.9224121
#IT 1690 KerTime:0.0994195 AccTime:166.9212043
#IT 1700 KerTime:0.1003006 AccTime:167.9127767
#IT 1710 KerTime:0.0983619 AccTime:168.8958481
#IT 1720 KerTime:0.0988428 AccTime:169.8895203
#IT 1730 KerTime:0.0991783 AccTime:170.8804378
#IT 1740 KerTime:0.1012529 AccTime:171.8822173
#IT 1750 KerTime:0.0974249 AccTime:172.8707873
#IT 1760 KerTime:0.0980662 AccTime:173.8559862
#IT 1770 KerTime:0.1003610 AccTime:174.8584024
#IT 1780 KerTime:0.1007071 AccTime:175.8555056
#IT 1790 KerTime:0.0966280 AccTime:176.8382736
#IT 1800 KerTime:0.0993763 AccTime:177.8231022
#IT 1810 KerTime:0.0973864 AccTime:178.8147865
#IT 1820 KerTime:0.0983664 AccTime:179.7934562
#IT 1830 KerTime:0.0974697 AccTime:180.7804334
#IT 1840 KerTime:0.0967187 AccTime:181.7623748
#IT 1850 KerTime:0.0967322 AccTime:182.7448998
#IT 1860 KerTime:0.0966168 AccTime:183.7266281
#IT 1870 KerTime:0.0965795 AccTime:184.6938323
#IT 1880 KerTime:0.0996695 AccTime:185.6754753
#IT 1890 KerTime:0.0991359 AccTime:186.6455419
#IT 1900 KerTime:0.0965637 AccTime:187.6207180
#IT 1910 KerTime:0.1018048 AccTime:188.6126677
#IT 1920 KerTime:0.0992185 AccTime:189.6086993
#IT 1930 KerTime:0.1006154 AccTime:190.5871885
#IT 1940 KerTime:0.0966869 AccTime:191.5629528
#IT 1950 KerTime:0.0992570 AccTime:192.5514839
#IT 1960 KerTime:0.0971472 AccTime:193.5284901
#IT 1970 KerTime:0.0966136 AccTime:194.5140940
#IT 1980 KerTime:0.0967015 AccTime:195.4810939
#IT 1990 KerTime:0.0987098 AccTime:196.4679006
#IT 2000 KerTime:0.0992225 AccTime:197.4485142
#IT 2010 KerTime:0.0966724 AccTime:198.4343819
#IT 2020 KerTime:0.1005664 AccTime:199.4192879
#IT 2030 KerTime:0.0989539 AccTime:200.3998334
#IT 2040 KerTime:0.0991052 AccTime:201.3920674
#IT 2050 KerTime:0.1011816 AccTime:202.3808762
#IT 2060 KerTime:0.1001573 AccTime:203.3834592
#IT 2070 KerTime:0.0979198 AccTime:204.3715171
#IT 2080 KerTime:0.0993710 AccTime:205.3545775
#IT 2090 KerTime:0.1003766 AccTime:206.3483274
#IT 2100 KerTime:0.0965761 AccTime:207.3349966
#IT 2110 KerTime:0.0966523 AccTime:208.3141257
#IT 2120 KerTime:0.0988067 AccTime:209.2975901
#IT 2130 KerTime:0.0996810 AccTime:210.2903549
#IT 2140 KerTime:0.0966536 AccTime:211.2819310
#IT 2150 KerTime:0.0991807 AccTime:212.2681262
#IT 2160 KerTime:0.0991609 AccTime:213.2683861
#IT 2170 KerTime:0.1003830 AccTime:214.2715999
#IT 2180 KerTime:0.0981003 AccTime:215.2674016
#IT 2190 KerTime:0.0968018 AccTime:216.2515457
#IT 2200 KerTime:0.0988870 AccTime:217.2411132
#IT 2210 KerTime:0.1003775 AccTime:218.2443445
#IT 2220 KerTime:0.0968776 AccTime:219.2382956
#IT 2230 KerTime:0.0992546 AccTime:220.2228122
#IT 2240 KerTime:0.1006321 AccTime:221.2188699
#IT 2250 KerTime:0.1010756 AccTime:222.2167799
#IT 2260 KerTime:0.0983971 AccTime:223.2010298
#IT 2270 KerTime:0.1004757 AccTime:224.1990211
#IT 2280 KerTime:0.0994958 AccTime:225.1927765
#IT 2290 KerTime:0.1005181 AccTime:226.1815829
#IT 2300 KerTime:0.1007298 AccTime:227.1740686
#IT 2310 KerTime:0.0992033 AccTime:228.1596412
#IT 2320 KerTime:0.0989741 AccTime:229.1308813
#IT 2330 KerTime:0.0968066 AccTime:230.1098790
#IT 2340 KerTime:0.0987321 AccTime:231.0891449
#IT 2350 KerTime:0.0990145 AccTime:232.0664374
#IT 2360 KerTime:0.0989009 AccTime:233.0546672
#IT 2370 KerTime:0.0966174 AccTime:234.0258997
#IT 2380 KerTime:0.0977114 AccTime:235.0144341
#IT 2390 KerTime:0.0994337 AccTime:235.9951985
#IT 2400 KerTime:0.0967683 AccTime:236.9780846
#IT 2410 KerTime:0.1007648 AccTime:237.9654701
#IT 2420 KerTime:0.1014917 AccTime:238.9467648
#IT 2430 KerTime:0.0975712 AccTime:239.9261382
#IT 2440 KerTime:0.0975581 AccTime:240.9156111
#IT 2450 KerTime:0.0991769 AccTime:241.9029437
#IT 2460 KerTime:0.0990328 AccTime:242.8814545
#IT 2470 KerTime:0.1005634 AccTime:243.8705264
#IT 2480 KerTime:0.1000571 AccTime:244.8487766
#IT 2490 KerTime:0.1001890 AccTime:245.8457527
#IT 2500 KerTime:0.0973293 AccTime:246.8269464
#IT 2510 KerTime:0.0968248 AccTime:247.8162340
#IT 2520 KerTime:0.1000895 AccTime:248.7978594
#IT 2530 KerTime:0.0967900 AccTime:249.7788764
#IT 2540 KerTime:0.0992960 AccTime:250.7704187
#IT 2550 KerTime:0.0993231 AccTime:251.7452737
#IT 2560 KerTime:0.1012595 AccTime:252.7336566
#IT 2570 KerTime:0.0974481 AccTime:253.7175327
#IT 2580 KerTime:0.0989816 AccTime:254.7127752
#IT 2590 KerTime:0.0992609 AccTime:255.6978513
#IT 2600 KerTime:0.1000482 AccTime:256.6846336
#IT 2610 KerTime:0.0985130 AccTime:257.6739091
#IT 2620 KerTime:0.0989594 AccTime:258.6619786
#IT 2630 KerTime:0.0992993 AccTime:259.6600145
#IT 2640 KerTime:0.0997269 AccTime:260.6577802
#IT 2650 KerTime:0.0994174 AccTime:261.6433072
#IT 2660 KerTime:0.0999519 AccTime:262.6412740
#IT 2670 KerTime:0.0988961 AccTime:263.6314824
#IT 2680 KerTime:0.1001252 AccTime:264.6310646
#IT 2690 KerTime:0.0978102 AccTime:265.6262912
#IT 2700 KerTime:0.0990058 AccTime:266.6229403
#IT 2710 KerTime:0.0989278 AccTime:267.6051206
#IT 2720 KerTime:0.1005984 AccTime:268.5991444
#IT 2730 KerTime:0.0998631 AccTime:269.5988440
#IT 2740 KerTime:0.0974206 AccTime:270.5908287
#IT 2750 KerTime:0.0995931 AccTime:271.5864282
#IT 2760 KerTime:0.1008725 AccTime:272.5738089
#IT 2770 KerTime:0.0993598 AccTime:273.5634070
#IT 2780 KerTime:0.0966943 AccTime:274.5516609
#IT 2790 KerTime:0.0993544 AccTime:275.5334592
#IT 2800 KerTime:0.1009490 AccTime:276.5330301
#IT 2810 KerTime:0.0974097 AccTime:277.5198815
#IT 2820 KerTime:0.0992030 AccTime:278.5002015
#IT 2830 KerTime:0.0967446 AccTime:279.4720235
#IT 2840 KerTime:0.1003228 AccTime:280.4583974
#IT 2850 KerTime:0.0991479 AccTime:281.4391181
#IT 2860 KerTime:0.0968178 AccTime:282.4282016
#IT 2870 KerTime:0.0968146 AccTime:283.3948910
#IT 2880 KerTime:0.0992543 AccTime:284.3810769
#IT 2890 KerTime:0.0983973 AccTime:285.3583201
#IT 2900 KerTime:0.0966468 AccTime:286.3497043
#IT 2910 KerTime:0.1000866 AccTime:287.3274530
#IT 2920 KerTime:0.0966497 AccTime:288.3091379
#IT 2930 KerTime:0.1018391 AccTime:289.3026859
#IT 2940 KerTime:0.0967815 AccTime:290.2948576
#IT 2950 KerTime:0.1003086 AccTime:291.2733936
#IT 2960 KerTime:0.0965660 AccTime:292.2516924
#IT 2970 KerTime:0.0976067 AccTime:293.2422571
#IT 2980 KerTime:0.0989872 AccTime:294.2175617
#IT 2990 KerTime:0.0966870 AccTime:295.2035574
#IT 3000 KerTime:0.0965655 AccTime:296.1704241
#IT 3010 KerTime:0.0983055 AccTime:297.1571655
#IT 3020 KerTime:0.0989941 AccTime:298.1311811
#IT 3030 KerTime:0.0966589 AccTime:299.1076783
#IT 3040 KerTime:0.0966241 AccTime:300.0882413
#IT 3050 KerTime:0.0965994 AccTime:301.0546948
#IT 3060 KerTime:0.1002761 AccTime:302.0390839
#IT 3070 KerTime:0.1015592 AccTime:303.0387424
#IT 3080 KerTime:0.0967624 AccTime:304.0283107
#IT 3090 KerTime:0.0983369 AccTime:305.0099697
#IT 3100 KerTime:0.1007118 AccTime:306.0083382
#IT 3110 KerTime:0.1007527 AccTime:307.0062164
#IT 3120 KerTime:0.0967352 AccTime:307.9877314
#IT 3130 KerTime:0.0998158 AccTime:308.9855599
#IT 3140 KerTime:0.0985735 AccTime:309.9783136
#IT 3150 KerTime:0.0997290 AccTime:310.9653164
#IT 3160 KerTime:0.0988791 AccTime:311.9634803
#IT 3170 KerTime:0.0988491 AccTime:312.9596592
#IT 3180 KerTime:0.0987946 AccTime:313.9410047
#IT 3190 KerTime:0.1002078 AccTime:314.9400300
#IT 3200 KerTime:0.0972931 AccTime:315.9230649
#IT 3210 KerTime:0.0998469 AccTime:316.9207027
#IT 3220 KerTime:0.0989232 AccTime:317.9138673
#IT 3230 KerTime:0.1001482 AccTime:318.9002688
#IT 3240 KerTime:0.0982547 AccTime:319.8873921
#IT 3250 KerTime:0.0987991 AccTime:320.8813436
#IT 3260 KerTime:0.0991162 AccTime:321.8636589
#IT 3270 KerTime:0.1012393 AccTime:322.8586002
#IT 3280 KerTime:0.0965589 AccTime:323.8452692
#IT 3290 KerTime:0.0966290 AccTime:324.8246968
#IT 3300 KerTime:0.1006524 AccTime:325.8138470
#IT 3310 KerTime:0.1006979 AccTime:326.8143237
#IT 3320 KerTime:0.0990402 AccTime:327.7916617
#IT 3330 KerTime:0.0993318 AccTime:328.7842003
#IT 3340 KerTime:0.0980511 AccTime:329.7647313
#IT 3350 KerTime:0.0988973 AccTime:330.7478734
#IT 3360 KerTime:0.0998035 AccTime:331.7388371
#IT 3370 KerTime:0.0986293 AccTime:332.7182834
#IT 3380 KerTime:0.1000087 AccTime:333.7127531
#IT 3390 KerTime:0.0965855 AccTime:334.6966725
#IT 3400 KerTime:0.0986275 AccTime:335.6853242
#IT 3410 KerTime:0.0969003 AccTime:336.6603649
#IT 3420 KerTime:0.0966782 AccTime:337.6485841
#IT 3430 KerTime:0.0989547 AccTime:338.6360635
#IT 3440 KerTime:0.1016592 AccTime:339.6172797
#IT 3450 KerTime:0.0990357 AccTime:340.6017629
#IT 3460 KerTime:0.0968573 AccTime:341.5860688
#IT 3470 KerTime:0.0990437 AccTime:342.5727579
#IT 3480 KerTime:0.0994083 AccTime:343.5479427
#IT 3490 KerTime:0.0967690 AccTime:344.5255855
#IT 3500 KerTime:0.0997276 AccTime:345.4966901
#IT 3510 KerTime:0.0991653 AccTime:346.4839910
#IT 3520 KerTime:0.0990717 AccTime:347.4598763
#IT 3530 KerTime:0.0968609 AccTime:348.4387749
#IT 3540 KerTime:0.1005945 AccTime:349.4198147
#IT 3550 KerTime:0.0966192 AccTime:350.3993714
#IT 3560 KerTime:0.0991694 AccTime:351.3918232
#IT 3570 KerTime:0.0992582 AccTime:352.3687743
#IT 3580 KerTime:0.1013561 AccTime:353.3664654
#IT 3590 KerTime:0.0990128 AccTime:354.3603252
#IT 3600 KerTime:0.0990301 AccTime:355.3558606
#IT 3610 KerTime:0.0994544 AccTime:356.3479609
#IT 3620 KerTime:0.1004962 AccTime:357.3425010
#IT 3630 KerTime:0.1010215 AccTime:358.3362204
#IT 3640 KerTime:0.0996282 AccTime:359.3334453
#IT 3650 KerTime:0.1001078 AccTime:360.3304011
#IT 3660 KerTime:0.0994599 AccTime:361.3280423
#IT 3670 KerTime:0.0992594 AccTime:362.3203798
#IT 3680 KerTime:0.0986145 AccTime:363.3090635
#IT 3690 KerTime:0.0989561 AccTime:364.2993043
#IT 3700 KerTime:0.1001221 AccTime:365.2985359
#IT 3710 KerTime:0.0983918 AccTime:366.2943734
#IT 3720 KerTime:0.0968247 AccTime:367.2787663
#IT 3730 KerTime:0.0987465 AccTime:368.2603274
#IT 3740 KerTime:0.1003109 AccTime:369.2535259
#IT 3750 KerTime:0.0972306 AccTime:370.2440087
#IT 3760 KerTime:0.0980173 AccTime:371.2284105
#IT 3770 KerTime:0.0992707 AccTime:372.2259321
#IT 3780 KerTime:0.1009903 AccTime:373.2135501
#IT 3790 KerTime:0.1007038 AccTime:374.1995264
#IT 3800 KerTime:0.0992105 AccTime:375.2024294
#IT 3810 KerTime:0.0993376 AccTime:376.1864674
#IT 3820 KerTime:0.1003648 AccTime:377.1746601
#IT 3830 KerTime:0.0990602 AccTime:378.1561209
#IT 3840 KerTime:0.0966881 AccTime:379.1476477
#IT 3850 KerTime:0.1005470 AccTime:380.1253646
#IT 3860 KerTime:0.0967162 AccTime:381.1038810
#IT 3870 KerTime:0.0987613 AccTime:382.0940847
#IT 3880 KerTime:0.0988242 AccTime:383.0700373
#IT 3890 KerTime:0.1005838 AccTime:384.0695235
#IT 3900 KerTime:0.0966023 AccTime:385.0500378
#IT 3910 KerTime:0.0972620 AccTime:386.0357153
#IT 3920 KerTime:0.0993496 AccTime:387.0151750
#IT 3930 KerTime:0.0967231 AccTime:387.9979799
#IT 3940 KerTime:0.0991186 AccTime:388.9799089
#IT 3950 KerTime:0.1016269 AccTime:389.9557455
#IT 3960 KerTime:0.0967508 AccTime:390.9301500
#IT 3970 KerTime:0.0968627 AccTime:391.9110372
#IT 3980 KerTime:0.0965302 AccTime:392.8941605
#IT 3990 KerTime:0.0988677 AccTime:393.8657050
#IT 4000 KerTime:0.0985943 AccTime:394.8514145
#IT 4010 KerTime:0.0967348 AccTime:395.8279001
#IT 4020 KerTime:0.0988760 AccTime:396.8111503
#IT 4030 KerTime:0.0988410 AccTime:397.8024659
#IT 4040 KerTime:0.0967532 AccTime:398.7801483
#IT 4050 KerTime:0.0985458 AccTime:399.7715806
#IT 4060 KerTime:0.0988702 AccTime:400.7502183
#IT 4070 KerTime:0.1002676 AccTime:401.7362747
#IT 4080 KerTime:0.0992485 AccTime:402.7231807
#IT 4090 KerTime:0.1009777 AccTime:403.7107338
