#SERVER_HEADER --model vit_base_8_edgetpu.tflite -n 32 --vit
#SERVER_BEGIN Y:2024 M:7 D:19 TIME:17:20:18-116420
#LOGFILE /var/radiation-benchmarks/log/2024_07_20_00_20_18_TensorFlow-vit_base_8_edgetpu_ECC_OFF_rasp4-coral.log
#HEADER framework:TensorFlow framework_version:2.10.0 Device:EdgeTPUiterations=1000000000000 testsamples=32 generate=False enableconsolelog=False model=/home/carol/tpu-rad/models/vit_base_8_edgetpu.tflite tokens=None input=/home/carol/tpu-rad/inputs/vit_base_8_images.npy golden=/home/carol/tpu-rad/golden/vit_base_8_golden.npy reload=False vit=True noreload=False
#BEGIN Y:2024 M:07 D:20 Time:00:20:18
#INF PERF loaded_object:model load_time:4.6892s
#INF PERF loaded_object:data load_time:0.4321s
#IT 0 KerTime:0.1240759 AccTime:0.1240759
#IT 10 KerTime:0.1020131 AccTime:1.1259795
#IT 20 KerTime:0.0968680 AccTime:2.1032812
#IT 30 KerTime:0.0985960 AccTime:3.0772722
#IT 40 KerTime:0.0990424 AccTime:4.0775735
#IT 50 KerTime:0.0980812 AccTime:5.0618211
#IT 60 KerTime:0.1003790 AccTime:6.0357731
#IT 70 KerTime:0.1015277 AccTime:7.0471872
#IT 80 KerTime:0.0968428 AccTime:8.0467553
#IT 90 KerTime:0.0968139 AccTime:9.0175319
#IT 100 KerTime:0.1009340 AccTime:10.0185940
#IT 110 KerTime:0.1007891 AccTime:11.0272136
#IT 120 KerTime:0.0968804 AccTime:11.9983496
#IT 130 KerTime:0.0970315 AccTime:12.9833349
#IT 140 KerTime:0.0974684 AccTime:13.9531101
#IT 150 KerTime:0.1007700 AccTime:14.9596349
#IT 160 KerTime:0.0968367 AccTime:15.9567755
#IT 170 KerTime:0.0969227 AccTime:16.9256754
#IT 180 KerTime:0.1026044 AccTime:17.9258390
#IT 190 KerTime:0.1015028 AccTime:18.9355645
#IT 200 KerTime:0.0975440 AccTime:19.9085082
#IT 210 KerTime:0.1017731 AccTime:20.9055360
#IT 220 KerTime:0.0988279 AccTime:21.9166857
#IT 230 KerTime:0.0970775 AccTime:22.8945892
#IT 240 KerTime:0.0994302 AccTime:23.8713332
#IT 250 KerTime:0.1001538 AccTime:24.8698261
#IT 260 KerTime:0.0987442 AccTime:25.8633041
#IT 270 KerTime:0.0984437 AccTime:26.8522432
#IT 280 KerTime:0.0996471 AccTime:27.8386976
#IT 290 KerTime:0.0996586 AccTime:28.8300567
#IT 300 KerTime:0.0992892 AccTime:29.8199112
#IT 310 KerTime:0.0992724 AccTime:30.8118248
#IT 320 KerTime:0.0992144 AccTime:31.7965201
#IT 330 KerTime:0.0990046 AccTime:32.7971065
#IT 340 KerTime:0.0987949 AccTime:33.7839596
#IT 350 KerTime:0.1004359 AccTime:34.7835445
#IT 360 KerTime:0.0990463 AccTime:35.7713776
#IT 370 KerTime:0.0992304 AccTime:36.7604705
#IT 380 KerTime:0.1020380 AccTime:37.7639097
#IT 390 KerTime:0.1009001 AccTime:38.7651966
#IT 400 KerTime:0.1011805 AccTime:39.7583751
#IT 410 KerTime:0.0983776 AccTime:40.7461706
#IT 420 KerTime:0.0967813 AccTime:41.7371126
#IT 430 KerTime:0.0984453 AccTime:42.7241735
#IT 440 KerTime:0.0970252 AccTime:43.7151584
#IT 450 KerTime:0.0986430 AccTime:44.6955844
#IT 460 KerTime:0.0990912 AccTime:45.6799766
#IT 470 KerTime:0.0994721 AccTime:46.6583285
#IT 480 KerTime:0.0970629 AccTime:47.6448276
#IT 490 KerTime:0.0990279 AccTime:48.6327833
#IT 500 KerTime:0.0981104 AccTime:49.6084650
#IT 510 KerTime:0.1001352 AccTime:50.6016081
#IT 520 KerTime:0.1008790 AccTime:51.6003050
#IT 530 KerTime:0.0971722 AccTime:52.5850547
#IT 540 KerTime:0.0992893 AccTime:53.5635381
#IT 550 KerTime:0.0990683 AccTime:54.5598581
#IT 560 KerTime:0.0986315 AccTime:55.5514452
#IT 570 KerTime:0.0987650 AccTime:56.5251515
#IT 580 KerTime:0.0989858 AccTime:57.5238640
#IT 590 KerTime:0.0970313 AccTime:58.5179617
#IT 600 KerTime:0.0973655 AccTime:59.4915363
#IT 610 KerTime:0.1011775 AccTime:60.4864000
#IT 620 KerTime:0.0989986 AccTime:61.4881353
#IT 630 KerTime:0.0972790 AccTime:62.4620912
#IT 640 KerTime:0.0971992 AccTime:63.4510081
#IT 650 KerTime:0.0992606 AccTime:64.4258039
#IT 660 KerTime:0.1008343 AccTime:65.4246957
#IT 670 KerTime:0.0970305 AccTime:66.4184225
#IT 680 KerTime:0.0972438 AccTime:67.3912876
#IT 690 KerTime:0.0994700 AccTime:68.3825086
#IT 700 KerTime:0.0992432 AccTime:69.3754653
#IT 710 KerTime:0.0973053 AccTime:70.3493427
#IT 720 KerTime:0.0975993 AccTime:71.3313599
#IT 730 KerTime:0.0971791 AccTime:72.3186415
#IT 740 KerTime:0.0975442 AccTime:73.2906568
#IT 750 KerTime:0.0971525 AccTime:74.2642508
#IT 760 KerTime:0.0989503 AccTime:75.2551136
#IT 770 KerTime:0.0978016 AccTime:76.2491414
#IT 780 KerTime:0.1011603 AccTime:77.2433103
#IT 790 KerTime:0.0993309 AccTime:78.2325246
#IT 800 KerTime:0.0972472 AccTime:79.2204197
#IT 810 KerTime:0.0979014 AccTime:80.2066864
#IT 820 KerTime:0.0994226 AccTime:81.1917009
#IT 830 KerTime:0.0993878 AccTime:82.1808905
#IT 840 KerTime:0.0986424 AccTime:83.1748437
#IT 850 KerTime:0.0992658 AccTime:84.1653456
#IT 860 KerTime:0.0994683 AccTime:85.1554430
#IT 870 KerTime:0.0988935 AccTime:86.1440632
#IT 880 KerTime:0.0996713 AccTime:87.1303670
#IT 890 KerTime:0.1021083 AccTime:88.1395239
#IT 900 KerTime:0.0984921 AccTime:89.1352104
#IT 910 KerTime:0.1015460 AccTime:90.1226662
#IT 920 KerTime:0.0995522 AccTime:91.1094892
#IT 930 KerTime:0.0974306 AccTime:92.0971036
#IT 940 KerTime:0.0985915 AccTime:93.0872902
#IT 950 KerTime:0.0984043 AccTime:94.0722282
#IT 960 KerTime:0.0969527 AccTime:95.0606697
#IT 970 KerTime:0.0968894 AccTime:96.0406625
#IT 980 KerTime:0.0997161 AccTime:97.0271479
#IT 990 KerTime:0.1007535 AccTime:98.0229778
#IT 1000 KerTime:0.0981154 AccTime:99.0085188
#IT 1010 KerTime:0.0993958 AccTime:100.0062460
#IT 1020 KerTime:0.0987717 AccTime:100.9951225
#IT 1030 KerTime:0.0994412 AccTime:101.9793654
#IT 1040 KerTime:0.1006635 AccTime:102.9731268
#IT 1050 KerTime:0.0993562 AccTime:103.9737601
#IT 1060 KerTime:0.0970191 AccTime:104.9580221
#IT 1070 KerTime:0.1014272 AccTime:105.9504571
#IT 1080 KerTime:0.1003574 AccTime:106.9519745
#IT 1090 KerTime:0.0975555 AccTime:107.9421274
#IT 1100 KerTime:0.1012537 AccTime:108.9348635
#IT 1110 KerTime:0.1003946 AccTime:109.9366576
