#SERVER_HEADER --model vit_base_8_edgetpu.tflite -n 32 --vit
#SERVER_BEGIN Y:2024 M:7 D:23 TIME:11:24:14-378707
#LOGFILE /var/radiation-benchmarks/log/2024_07_23_18_24_14_TensorFlow-vit_base_8_edgetpu_ECC_OFF_rasp4-coral.log
#HEADER framework:TensorFlow framework_version:2.10.0 Device:EdgeTPUiterations=1000000000000 testsamples=32 generate=False enableconsolelog=False model=/home/carol/tpu-rad/models/vit_base_8_edgetpu.tflite tokens=None input=/home/carol/tpu-rad/inputs/vit_base_8_images.npy golden=/home/carol/tpu-rad/golden/vit_base_8_golden.npy reload=False vit=True log_interval=10
#BEGIN Y:2024 M:07 D:23 Time:18:24:14
#INF PERF loaded_object:model load_time:4.6776s
#INF PERF loaded_object:data load_time:0.3732s
#IT 0 KerTime:0.1235709 AccTime:0.1235709
#IT 10 KerTime:0.1002300 AccTime:1.1045194
#IT 20 KerTime:0.0969326 AccTime:2.0875056
#IT 30 KerTime:0.0961341 AccTime:3.0648041
#IT 40 KerTime:0.0980783 AccTime:4.0410186
#IT 50 KerTime:0.1011211 AccTime:5.0334481
#IT 60 KerTime:0.0968607 AccTime:6.0265773
#IT 70 KerTime:0.0967666 AccTime:7.0092635
#IT 80 KerTime:0.0989405 AccTime:7.9938320
#IT 90 KerTime:0.1000061 AccTime:8.9922022
#IT 100 KerTime:0.0972064 AccTime:9.9896314
#IT 110 KerTime:0.0966428 AccTime:10.9690643
#IT 120 KerTime:0.1006822 AccTime:11.9650622
#IT 130 KerTime:0.1011323 AccTime:12.9739148
#IT 140 KerTime:0.0968688 AccTime:13.9688713
#IT 150 KerTime:0.0969099 AccTime:14.9494640
#IT 160 KerTime:0.0994892 AccTime:15.9443822
#IT 170 KerTime:0.1005317 AccTime:16.9423944
#IT 180 KerTime:0.0968319 AccTime:17.9255651
#IT 190 KerTime:0.0965956 AccTime:18.9055760
#IT 200 KerTime:0.1009087 AccTime:19.9006015
#IT 210 KerTime:0.1008296 AccTime:20.9035756
#IT 220 KerTime:0.0967524 AccTime:21.8848115
