#SERVER_HEADER --model vit_base_8_edgetpu.tflite -n 32 --vit
#SERVER_BEGIN Y:2024 M:7 D:21 TIME:16:29:15-534642
#LOGFILE /var/radiation-benchmarks/log/2024_07_21_23_29_15_TensorFlow-vit_base_8_edgetpu_ECC_OFF_rasp4-coral.log
#HEADER framework:TensorFlow framework_version:2.10.0 Device:EdgeTPUiterations=1000000000000 testsamples=32 generate=False enableconsolelog=False model=/home/carol/tpu-rad/models/vit_base_8_edgetpu.tflite tokens=None input=/home/carol/tpu-rad/inputs/vit_base_8_images.npy golden=/home/carol/tpu-rad/golden/vit_base_8_golden.npy reload=False vit=True log_interval=10
#BEGIN Y:2024 M:07 D:21 Time:23:29:15
#INF PERF loaded_object:model load_time:4.6529s
#INF PERF loaded_object:data load_time:0.3628s
#IT 0 KerTime:0.1212462 AccTime:0.1212462
#IT 10 KerTime:0.0987694 AccTime:1.1034919
#IT 20 KerTime:0.0971625 AccTime:2.0858332
#IT 30 KerTime:0.1015001 AccTime:3.0660865
#IT 40 KerTime:0.0992218 AccTime:4.0379819
#IT 50 KerTime:0.0988855 AccTime:5.0202337
#IT 60 KerTime:0.0995973 AccTime:5.9994718
#IT 70 KerTime:0.0992834 AccTime:6.9938586
#IT 80 KerTime:0.0973649 AccTime:7.9643509
#IT 90 KerTime:0.0994776 AccTime:8.9439815
#IT 100 KerTime:0.0983753 AccTime:9.9430563
#IT 110 KerTime:0.0981943 AccTime:10.9168352
#IT 120 KerTime:0.0972456 AccTime:11.8880284
#IT 130 KerTime:0.0994599 AccTime:12.8862899
#IT 140 KerTime:0.0967142 AccTime:13.8610996
#IT 150 KerTime:0.0986273 AccTime:14.8337328
#IT 160 KerTime:0.0988221 AccTime:15.8353994
#IT 170 KerTime:0.0969072 AccTime:16.8235896
#IT 180 KerTime:0.0975290 AccTime:17.7949768
#IT 190 KerTime:0.0988632 AccTime:18.7856722
#IT 200 KerTime:0.0990666 AccTime:19.7608946
#IT 210 KerTime:0.1002404 AccTime:20.7624103
#IT 220 KerTime:0.0994754 AccTime:21.7417032
#IT 230 KerTime:0.0974434 AccTime:22.7247006
#IT 240 KerTime:0.0991273 AccTime:23.7106285
#IT 250 KerTime:0.0967879 AccTime:24.6819875
